#
# A fatal error has been detected by the Java Runtime Environment:
#
#  EXCEPTION_ACCESS_VIOLATION (0xc0000005) at pc=0x00007ffe6cd2df0d, pid=48576, tid=22396
#
# JRE version: OpenJDK Runtime Environment (16.0.2+7) (build 16.0.2+7-67)
# Java VM: OpenJDK 64-Bit Server VM (16.0.2+7-67, mixed mode, tiered, compressed oops, compressed class ptrs, g1 gc, windows-amd64)
# Problematic frame:
# C  [lwjgl_opengl.dll+0xdf0d]
#
# No core dump will be written. Minidumps are not enabled by default on client versions of Windows
#
# If you would like to submit a bug report, please visit:
#   https://bugreport.java.com/bugreport/crash.jsp
# The crash happened outside the Java Virtual Machine in native code.
# See problematic frame for where to report the bug.
#

---------------  S U M M A R Y ------------

Command Line: -Dfile.encoding=Cp1252 -XX:+ShowCodeDetailsInExceptionMessages samresp14.src.Main

Host: Intel(R) Core(TM) i7-10700 CPU @ 2.90GHz, 16 cores, 15G,  Windows 10 , 64 bit Build 19041 (10.0.19041.662)
Time: Mon Apr 24 11:35:46 2023 Central Daylight Time elapsed time: 0.686262 seconds (0d 0h 0m 0s)

---------------  T H R E A D  ---------------

Current thread (0x000002231ac8a960):  JavaThread "main" [_thread_in_native, id=22396, stack(0x0000005ea6a00000,0x0000005ea6b00000)]

Stack: [0x0000005ea6a00000,0x0000005ea6b00000],  sp=0x0000005ea6aff338,  free space=1020k
Native frames: (J=compiled Java code, j=interpreted, Vv=VM code, C=native code)
C  [lwjgl_opengl.dll+0xdf0d]

Java frames: (J=compiled Java code, j=interpreted, Vv=VM code)
j  org.lwjgl.opengl.GL15C.nglGenBuffers(IJ)V+0
j  org.lwjgl.opengl.GL15C.glGenBuffers()I+20
j  org.lwjgl.opengl.GL15.glGenBuffers()I+0
j  samresp14.src.Graphics.createProgram()V+0
j  samresp14.src.Graphics.<init>()V+5
j  samresp14.src.Main.init()V+215
j  samresp14.src.Main.run()V+30
j  samresp14.src.Main.main([Ljava/lang/String;)V+7
v  ~StubRoutines::call_stub

siginfo: EXCEPTION_ACCESS_VIOLATION (0xc0000005), reading address 0x0000000000000d98


Register to memory mapping:

RIP=0x00007ffe6cd2df0d lwjgl_opengl.dll
RAX=0x000002233ce8bd30 points into unknown readable memory: 0x0000000000000000 | 00 00 00 00 00 00 00 00
RBX={method} {0x0000022344006658} 'nglGenBuffers' '(IJ)V' in 'org/lwjgl/opengl/GL15C'
RCX=0x0000000000000001 is an unknown value
RDX=0x000002233ce8902c points into unknown readable memory: 00 00 00 00
RSP=0x0000005ea6aff338 is pointing into the stack for thread: 0x000002231ac8a960
RBP=0x0000005ea6aff3c0 is pointing into the stack for thread: 0x000002231ac8a960
RSI=0x000002233c6dd7e0 is pointing into metadata
RDI=0x0000000000000001 is an unknown value
R8 =0x0000000000000001 is an unknown value
R9 =0x000002233ce8902c points into unknown readable memory: 00 00 00 00
R10=0x0 is NULL
R11=0x00000007137d8150 is an oop: java.lang.Class 
{0x00000007137d8150} - klass: 'java/lang/Class'
R12=0x0 is NULL
R13={method} {0x0000022344006658} 'nglGenBuffers' '(IJ)V' in 'org/lwjgl/opengl/GL15C'
R14=0x0000005ea6aff3f0 is pointing into the stack for thread: 0x000002231ac8a960
R15=0x000002231ac8a960 is a thread


Registers:
RAX=0x000002233ce8bd30, RBX=0x0000022344006650, RCX=0x0000000000000001, RDX=0x000002233ce8902c
RSP=0x0000005ea6aff338, RBP=0x0000005ea6aff3c0, RSI=0x000002233c6dd7e0, RDI=0x0000000000000001
R8 =0x0000000000000001, R9 =0x000002233ce8902c, R10=0x0000000000000000, R11=0x00000007137d8150
R12=0x0000000000000000, R13=0x0000022344006650, R14=0x0000005ea6aff3f0, R15=0x000002231ac8a960
RIP=0x00007ffe6cd2df0d, EFLAGS=0x0000000000010202

Top of Stack: (sp=0x0000005ea6aff338)
0x0000005ea6aff338:   000002231f9edce2 0000000000000001
0x0000005ea6aff348:   000002231f9ed9f2 0000022344006650
0x0000005ea6aff358:   000002233c6dd7e0 0000005ea6aff3d8
0x0000005ea6aff368:   000002231f9e95d9 000002231f9ed996
0x0000005ea6aff378:   0000005ea6aff378 0000022344006650
0x0000005ea6aff388:   0000005ea6aff3f0 000002234401f4c0
0x0000005ea6aff398:   0000000000000000 00000007137d8150
0x0000005ea6aff3a8:   0000022344006650 0000000000000000
0x0000005ea6aff3b8:   0000005ea6aff3e0 0000005ea6aff440
0x0000005ea6aff3c8:   000002231f9e950a 00000007137d8150
0x0000005ea6aff3d8:   000002231f9eb298 000002233ce8902c
0x0000005ea6aff3e8:   0000000000000000 0000000000000001
0x0000005ea6aff3f8:   0000005ea6aff3f8 00000223440067c4
0x0000005ea6aff408:   0000005ea6aff470 000002234401f4c0
0x0000005ea6aff418:   0000000000000000 00000007137d8150
0x0000005ea6aff428:   0000022344006830 0000005ea6aff3e0 

Instructions: (pc=0x00007ffe6cd2df0d)
0x00007ffe6cd2de0d:   cc cc cc 48 8b 01 0f 28 cb 41 8b c8 48 8b 50 18
0x00007ffe6cd2de1d:   48 ff a2 58 0c 00 00 cc cc cc cc cc cc cc cc cc
0x00007ffe6cd2de2d:   cc cc cc 48 8b 01 41 8b d1 41 8b c8 4c 8b 50 18
0x00007ffe6cd2de3d:   49 ff a2 60 0c 00 00 cc cc cc cc cc cc cc cc cc
0x00007ffe6cd2de4d:   cc cc cc 48 8b 01 49 8b d1 41 8b c8 4c 8b 50 18
0x00007ffe6cd2de5d:   49 ff a2 68 0c 00 00 cc cc cc cc cc cc cc cc cc
0x00007ffe6cd2de6d:   cc cc cc 48 8b 01 49 8b d1 41 8b c8 4c 8b 50 18
0x00007ffe6cd2de7d:   49 ff a2 70 0c 00 00 cc cc cc cc cc cc cc cc cc
0x00007ffe6cd2de8d:   cc cc cc 40 53 48 8b 01 41 8b d8 44 8b 44 24 30
0x00007ffe6cd2de9d:   41 8b d1 44 8b 4c 24 38 8b cb 4c 8b 50 18 5b 49
0x00007ffe6cd2dead:   ff a2 00 0d 00 00 cc cc cc cc cc cc cc cc cc cc
0x00007ffe6cd2debd:   cc cc cc 48 8b 01 41 8b d1 41 8b c8 4c 8b 50 18
0x00007ffe6cd2decd:   49 ff a2 88 0d 00 00 cc cc cc cc cc cc cc cc cc
0x00007ffe6cd2dedd:   cc cc cc 48 8b 01 49 8b d1 41 8b c8 4c 8b 50 18
0x00007ffe6cd2deed:   49 ff a2 90 0d 00 00 cc cc cc cc cc cc cc cc cc
0x00007ffe6cd2defd:   cc cc cc 48 8b 01 49 8b d1 41 8b c8 4c 8b 50 18
0x00007ffe6cd2df0d:   49 ff a2 98 0d 00 00 cc cc cc cc cc cc cc cc cc
0x00007ffe6cd2df1d:   cc cc cc 48 8b 01 48 8b 48 18 48 8b 81 a0 0d 00
0x00007ffe6cd2df2d:   00 41 8b c8 48 ff e0 cc cc cc cc cc cc cc cc cc
0x00007ffe6cd2df3d:   cc cc cc 40 53 48 8b 01 41 8b d8 4c 8b 44 24 30
0x00007ffe6cd2df4d:   49 8b d1 44 8b 4c 24 38 8b cb 4c 8b 50 18 5b 49
0x00007ffe6cd2df5d:   ff a2 a8 0d 00 00 cc cc cc cc cc cc cc cc cc cc
0x00007ffe6cd2df6d:   cc cc cc 40 53 48 8b 01 41 8b d8 4c 8b 44 24 30
0x00007ffe6cd2df7d:   49 8b d1 4c 8b 4c 24 38 8b cb 4c 8b 50 18 5b 49
0x00007ffe6cd2df8d:   ff a2 b0 0d 00 00 cc cc cc cc cc cc cc cc cc cc
0x00007ffe6cd2df9d:   cc cc cc 40 53 48 8b 01 41 8b d8 4c 8b 44 24 30
0x00007ffe6cd2dfad:   49 8b d1 4c 8b 4c 24 38 8b cb 4c 8b 50 18 5b 49
0x00007ffe6cd2dfbd:   ff a2 b8 0d 00 00 cc cc cc cc cc cc cc cc cc cc
0x00007ffe6cd2dfcd:   cc cc cc 48 8b 01 41 8b d1 48 8b 48 18 48 8b 81
0x00007ffe6cd2dfdd:   c0 0d 00 00 41 8b c8 48 ff e0 cc cc cc cc cc cc
0x00007ffe6cd2dfed:   cc cc cc 48 8b 01 48 8b 48 18 48 8b 81 c8 0d 00
0x00007ffe6cd2dffd:   00 41 8b c8 48 ff e0 cc cc cc cc cc cc cc cc cc 


Stack slot to memory mapping:
stack at sp + 0 slots: 0x000002231f9edce2 is at code_begin+1026 in an Interpreter codelet
method entry point (kind = native)  [0x000002231f9ed8e0, 0x000002231f9ee2c0]  2528 bytes
stack at sp + 1 slots: 0x0000000000000001 is an unknown value
stack at sp + 2 slots: 0x000002231f9ed9f2 is at code_begin+274 in an Interpreter codelet
method entry point (kind = native)  [0x000002231f9ed8e0, 0x000002231f9ee2c0]  2528 bytes
stack at sp + 3 slots: {method} {0x0000022344006658} 'nglGenBuffers' '(IJ)V' in 'org/lwjgl/opengl/GL15C'
stack at sp + 4 slots: 0x000002233c6dd7e0 is pointing into metadata
stack at sp + 5 slots: 0x0000005ea6aff3d8 is pointing into the stack for thread: 0x000002231ac8a960
stack at sp + 6 slots: 0x000002231f9e95d9 is at code_begin+1337 in an Interpreter codelet
return entry points  [0x000002231f9e90a0, 0x000002231f9e9bc0]  2848 bytes
stack at sp + 7 slots: 0x000002231f9ed996 is at code_begin+182 in an Interpreter codelet
method entry point (kind = native)  [0x000002231f9ed8e0, 0x000002231f9ee2c0]  2528 bytes


---------------  P R O C E S S  ---------------

Threads class SMR info:
_java_thread_list=0x000002233ca00c30, length=14, elements={
0x000002231ac8a960, 0x000002233c841010, 0x000002233c841de0, 0x000002233c86a210,
0x000002233c86bc30, 0x000002233c86c630, 0x000002233c86d440, 0x000002233c871720,
0x000002233c87a220, 0x000002233c886880, 0x000002233c9ef4f0, 0x000002233c9efa50,
0x000002233c9f6670, 0x000002233ca00f30
}

Java Threads: ( => current thread )
=>0x000002231ac8a960 JavaThread "main" [_thread_in_native, id=22396, stack(0x0000005ea6a00000,0x0000005ea6b00000)]
  0x000002233c841010 JavaThread "Reference Handler" daemon [_thread_blocked, id=13176, stack(0x0000005ea7100000,0x0000005ea7200000)]
  0x000002233c841de0 JavaThread "Finalizer" daemon [_thread_blocked, id=45036, stack(0x0000005ea7200000,0x0000005ea7300000)]
  0x000002233c86a210 JavaThread "Signal Dispatcher" daemon [_thread_blocked, id=43848, stack(0x0000005ea7300000,0x0000005ea7400000)]
  0x000002233c86bc30 JavaThread "Attach Listener" daemon [_thread_blocked, id=15024, stack(0x0000005ea7400000,0x0000005ea7500000)]
  0x000002233c86c630 JavaThread "Service Thread" daemon [_thread_blocked, id=43396, stack(0x0000005ea7500000,0x0000005ea7600000)]
  0x000002233c86d440 JavaThread "Monitor Deflation Thread" daemon [_thread_blocked, id=49964, stack(0x0000005ea7600000,0x0000005ea7700000)]
  0x000002233c871720 JavaThread "C2 CompilerThread0" daemon [_thread_blocked, id=29788, stack(0x0000005ea7700000,0x0000005ea7800000)]
  0x000002233c87a220 JavaThread "C1 CompilerThread0" daemon [_thread_blocked, id=10200, stack(0x0000005ea7800000,0x0000005ea7900000)]
  0x000002233c886880 JavaThread "Sweeper thread" daemon [_thread_blocked, id=21196, stack(0x0000005ea7900000,0x0000005ea7a00000)]
  0x000002233c9ef4f0 JavaThread "C1 CompilerThread1" daemon [_thread_blocked, id=36232, stack(0x0000005ea7a00000,0x0000005ea7b00000)]
  0x000002233c9efa50 JavaThread "C1 CompilerThread2" daemon [_thread_blocked, id=34668, stack(0x0000005ea7b00000,0x0000005ea7c00000)]
  0x000002233c9f6670 JavaThread "Notification Thread" daemon [_thread_blocked, id=27804, stack(0x0000005ea7c00000,0x0000005ea7d00000)]
  0x000002233ca00f30 JavaThread "Common-Cleaner" daemon [_thread_blocked, id=13372, stack(0x0000005ea7e00000,0x0000005ea7f00000)]

Other Threads:
  0x000002233bfee7b0 VMThread "VM Thread" [stack: 0x0000005ea7000000,0x0000005ea7100000] [id=33240]
  0x000002233c9f8fb0 WatcherThread [stack: 0x0000005ea7d00000,0x0000005ea7e00000] [id=26144]
  0x000002231acde890 GCTaskThread "GC Thread#0" [stack: 0x0000005ea6b00000,0x0000005ea6c00000] [id=31964]
  0x000002231acf04b0 ConcurrentGCThread "G1 Main Marker" [stack: 0x0000005ea6c00000,0x0000005ea6d00000] [id=14016]
  0x000002231acf26d0 ConcurrentGCThread "G1 Conc#0" [stack: 0x0000005ea6d00000,0x0000005ea6e00000] [id=18880]
  0x000002231ad5dbe0 ConcurrentGCThread "G1 Refine#0" [stack: 0x0000005ea6e00000,0x0000005ea6f00000] [id=39544]
  0x000002233be72810 ConcurrentGCThread "G1 Service" [stack: 0x0000005ea6f00000,0x0000005ea7000000] [id=49736]

Threads with active compile tasks:

VM state: not at safepoint (normal execution)

VM Mutex/Monitor currently owned by a thread: None

Heap address: 0x0000000704200000, size: 4030 MB, Compressed Oops mode: Zero based, Oop shift amount: 3

CDS disabled.
Compressed class space mapped at: 0x0000000800000000-0x0000000840000000, reserved size: 1073741824
Narrow klass base: 0x0000000800000000, Narrow klass shift: 0, Narrow klass range: 0x40000000

GC Precious Log:
 CPUs: 16 total, 16 available
 Memory: 16117M
 Large Page Support: Disabled
 NUMA Support: Disabled
 Compressed Oops: Enabled (Zero based)
 Heap Region Size: 2M
 Heap Min Capacity: 8M
 Heap Initial Capacity: 252M
 Heap Max Capacity: 4030M
 Pre-touch: Disabled
 Parallel Workers: 13
 Concurrent Workers: 3
 Concurrent Refinement Workers: 13
 Periodic GC: Disabled

Heap:
 garbage-first heap   total 258048K, used 6144K [0x0000000704200000, 0x0000000800000000)
  region size 2048K, 4 young (8192K), 0 survivors (0K)
 Metaspace       used 8915K, committed 9088K, reserved 1064960K
  class space    used 676K, committed 768K, reserved 1048576K

Heap Regions: E=young(eden), S=young(survivor), O=old, HS=humongous(starts), HC=humongous(continues), CS=collection set, F=free, OA=open archive, CA=closed archive, TAMS=top-at-mark-start (previous, next)
|   0|0x0000000704200000, 0x0000000704200000, 0x0000000704400000|  0%| F|  |TAMS 0x0000000704200000, 0x0000000704200000| Untracked 
|   1|0x0000000704400000, 0x0000000704400000, 0x0000000704600000|  0%| F|  |TAMS 0x0000000704400000, 0x0000000704400000| Untracked 
|   2|0x0000000704600000, 0x0000000704600000, 0x0000000704800000|  0%| F|  |TAMS 0x0000000704600000, 0x0000000704600000| Untracked 
|   3|0x0000000704800000, 0x0000000704800000, 0x0000000704a00000|  0%| F|  |TAMS 0x0000000704800000, 0x0000000704800000| Untracked 
|   4|0x0000000704a00000, 0x0000000704a00000, 0x0000000704c00000|  0%| F|  |TAMS 0x0000000704a00000, 0x0000000704a00000| Untracked 
|   5|0x0000000704c00000, 0x0000000704c00000, 0x0000000704e00000|  0%| F|  |TAMS 0x0000000704c00000, 0x0000000704c00000| Untracked 
|   6|0x0000000704e00000, 0x0000000704e00000, 0x0000000705000000|  0%| F|  |TAMS 0x0000000704e00000, 0x0000000704e00000| Untracked 
|   7|0x0000000705000000, 0x0000000705000000, 0x0000000705200000|  0%| F|  |TAMS 0x0000000705000000, 0x0000000705000000| Untracked 
|   8|0x0000000705200000, 0x0000000705200000, 0x0000000705400000|  0%| F|  |TAMS 0x0000000705200000, 0x0000000705200000| Untracked 
|   9|0x0000000705400000, 0x0000000705400000, 0x0000000705600000|  0%| F|  |TAMS 0x0000000705400000, 0x0000000705400000| Untracked 
|  10|0x0000000705600000, 0x0000000705600000, 0x0000000705800000|  0%| F|  |TAMS 0x0000000705600000, 0x0000000705600000| Untracked 
|  11|0x0000000705800000, 0x0000000705800000, 0x0000000705a00000|  0%| F|  |TAMS 0x0000000705800000, 0x0000000705800000| Untracked 
|  12|0x0000000705a00000, 0x0000000705a00000, 0x0000000705c00000|  0%| F|  |TAMS 0x0000000705a00000, 0x0000000705a00000| Untracked 
|  13|0x0000000705c00000, 0x0000000705c00000, 0x0000000705e00000|  0%| F|  |TAMS 0x0000000705c00000, 0x0000000705c00000| Untracked 
|  14|0x0000000705e00000, 0x0000000705e00000, 0x0000000706000000|  0%| F|  |TAMS 0x0000000705e00000, 0x0000000705e00000| Untracked 
|  15|0x0000000706000000, 0x0000000706000000, 0x0000000706200000|  0%| F|  |TAMS 0x0000000706000000, 0x0000000706000000| Untracked 
|  16|0x0000000706200000, 0x0000000706200000, 0x0000000706400000|  0%| F|  |TAMS 0x0000000706200000, 0x0000000706200000| Untracked 
|  17|0x0000000706400000, 0x0000000706400000, 0x0000000706600000|  0%| F|  |TAMS 0x0000000706400000, 0x0000000706400000| Untracked 
|  18|0x0000000706600000, 0x0000000706600000, 0x0000000706800000|  0%| F|  |TAMS 0x0000000706600000, 0x0000000706600000| Untracked 
|  19|0x0000000706800000, 0x0000000706800000, 0x0000000706a00000|  0%| F|  |TAMS 0x0000000706800000, 0x0000000706800000| Untracked 
|  20|0x0000000706a00000, 0x0000000706a00000, 0x0000000706c00000|  0%| F|  |TAMS 0x0000000706a00000, 0x0000000706a00000| Untracked 
|  21|0x0000000706c00000, 0x0000000706c00000, 0x0000000706e00000|  0%| F|  |TAMS 0x0000000706c00000, 0x0000000706c00000| Untracked 
|  22|0x0000000706e00000, 0x0000000706e00000, 0x0000000707000000|  0%| F|  |TAMS 0x0000000706e00000, 0x0000000706e00000| Untracked 
|  23|0x0000000707000000, 0x0000000707000000, 0x0000000707200000|  0%| F|  |TAMS 0x0000000707000000, 0x0000000707000000| Untracked 
|  24|0x0000000707200000, 0x0000000707200000, 0x0000000707400000|  0%| F|  |TAMS 0x0000000707200000, 0x0000000707200000| Untracked 
|  25|0x0000000707400000, 0x0000000707400000, 0x0000000707600000|  0%| F|  |TAMS 0x0000000707400000, 0x0000000707400000| Untracked 
|  26|0x0000000707600000, 0x0000000707600000, 0x0000000707800000|  0%| F|  |TAMS 0x0000000707600000, 0x0000000707600000| Untracked 
|  27|0x0000000707800000, 0x0000000707800000, 0x0000000707a00000|  0%| F|  |TAMS 0x0000000707800000, 0x0000000707800000| Untracked 
|  28|0x0000000707a00000, 0x0000000707a00000, 0x0000000707c00000|  0%| F|  |TAMS 0x0000000707a00000, 0x0000000707a00000| Untracked 
|  29|0x0000000707c00000, 0x0000000707c00000, 0x0000000707e00000|  0%| F|  |TAMS 0x0000000707c00000, 0x0000000707c00000| Untracked 
|  30|0x0000000707e00000, 0x0000000707e00000, 0x0000000708000000|  0%| F|  |TAMS 0x0000000707e00000, 0x0000000707e00000| Untracked 
|  31|0x0000000708000000, 0x0000000708000000, 0x0000000708200000|  0%| F|  |TAMS 0x0000000708000000, 0x0000000708000000| Untracked 
|  32|0x0000000708200000, 0x0000000708200000, 0x0000000708400000|  0%| F|  |TAMS 0x0000000708200000, 0x0000000708200000| Untracked 
|  33|0x0000000708400000, 0x0000000708400000, 0x0000000708600000|  0%| F|  |TAMS 0x0000000708400000, 0x0000000708400000| Untracked 
|  34|0x0000000708600000, 0x0000000708600000, 0x0000000708800000|  0%| F|  |TAMS 0x0000000708600000, 0x0000000708600000| Untracked 
|  35|0x0000000708800000, 0x0000000708800000, 0x0000000708a00000|  0%| F|  |TAMS 0x0000000708800000, 0x0000000708800000| Untracked 
|  36|0x0000000708a00000, 0x0000000708a00000, 0x0000000708c00000|  0%| F|  |TAMS 0x0000000708a00000, 0x0000000708a00000| Untracked 
|  37|0x0000000708c00000, 0x0000000708c00000, 0x0000000708e00000|  0%| F|  |TAMS 0x0000000708c00000, 0x0000000708c00000| Untracked 
|  38|0x0000000708e00000, 0x0000000708e00000, 0x0000000709000000|  0%| F|  |TAMS 0x0000000708e00000, 0x0000000708e00000| Untracked 
|  39|0x0000000709000000, 0x0000000709000000, 0x0000000709200000|  0%| F|  |TAMS 0x0000000709000000, 0x0000000709000000| Untracked 
|  40|0x0000000709200000, 0x0000000709200000, 0x0000000709400000|  0%| F|  |TAMS 0x0000000709200000, 0x0000000709200000| Untracked 
|  41|0x0000000709400000, 0x0000000709400000, 0x0000000709600000|  0%| F|  |TAMS 0x0000000709400000, 0x0000000709400000| Untracked 
|  42|0x0000000709600000, 0x0000000709600000, 0x0000000709800000|  0%| F|  |TAMS 0x0000000709600000, 0x0000000709600000| Untracked 
|  43|0x0000000709800000, 0x0000000709800000, 0x0000000709a00000|  0%| F|  |TAMS 0x0000000709800000, 0x0000000709800000| Untracked 
|  44|0x0000000709a00000, 0x0000000709a00000, 0x0000000709c00000|  0%| F|  |TAMS 0x0000000709a00000, 0x0000000709a00000| Untracked 
|  45|0x0000000709c00000, 0x0000000709c00000, 0x0000000709e00000|  0%| F|  |TAMS 0x0000000709c00000, 0x0000000709c00000| Untracked 
|  46|0x0000000709e00000, 0x0000000709e00000, 0x000000070a000000|  0%| F|  |TAMS 0x0000000709e00000, 0x0000000709e00000| Untracked 
|  47|0x000000070a000000, 0x000000070a000000, 0x000000070a200000|  0%| F|  |TAMS 0x000000070a000000, 0x000000070a000000| Untracked 
|  48|0x000000070a200000, 0x000000070a200000, 0x000000070a400000|  0%| F|  |TAMS 0x000000070a200000, 0x000000070a200000| Untracked 
|  49|0x000000070a400000, 0x000000070a400000, 0x000000070a600000|  0%| F|  |TAMS 0x000000070a400000, 0x000000070a400000| Untracked 
|  50|0x000000070a600000, 0x000000070a600000, 0x000000070a800000|  0%| F|  |TAMS 0x000000070a600000, 0x000000070a600000| Untracked 
|  51|0x000000070a800000, 0x000000070a800000, 0x000000070aa00000|  0%| F|  |TAMS 0x000000070a800000, 0x000000070a800000| Untracked 
|  52|0x000000070aa00000, 0x000000070aa00000, 0x000000070ac00000|  0%| F|  |TAMS 0x000000070aa00000, 0x000000070aa00000| Untracked 
|  53|0x000000070ac00000, 0x000000070ac00000, 0x000000070ae00000|  0%| F|  |TAMS 0x000000070ac00000, 0x000000070ac00000| Untracked 
|  54|0x000000070ae00000, 0x000000070ae00000, 0x000000070b000000|  0%| F|  |TAMS 0x000000070ae00000, 0x000000070ae00000| Untracked 
|  55|0x000000070b000000, 0x000000070b000000, 0x000000070b200000|  0%| F|  |TAMS 0x000000070b000000, 0x000000070b000000| Untracked 
|  56|0x000000070b200000, 0x000000070b200000, 0x000000070b400000|  0%| F|  |TAMS 0x000000070b200000, 0x000000070b200000| Untracked 
|  57|0x000000070b400000, 0x000000070b400000, 0x000000070b600000|  0%| F|  |TAMS 0x000000070b400000, 0x000000070b400000| Untracked 
|  58|0x000000070b600000, 0x000000070b600000, 0x000000070b800000|  0%| F|  |TAMS 0x000000070b600000, 0x000000070b600000| Untracked 
|  59|0x000000070b800000, 0x000000070b800000, 0x000000070ba00000|  0%| F|  |TAMS 0x000000070b800000, 0x000000070b800000| Untracked 
|  60|0x000000070ba00000, 0x000000070ba00000, 0x000000070bc00000|  0%| F|  |TAMS 0x000000070ba00000, 0x000000070ba00000| Untracked 
|  61|0x000000070bc00000, 0x000000070bc00000, 0x000000070be00000|  0%| F|  |TAMS 0x000000070bc00000, 0x000000070bc00000| Untracked 
|  62|0x000000070be00000, 0x000000070be00000, 0x000000070c000000|  0%| F|  |TAMS 0x000000070be00000, 0x000000070be00000| Untracked 
|  63|0x000000070c000000, 0x000000070c000000, 0x000000070c200000|  0%| F|  |TAMS 0x000000070c000000, 0x000000070c000000| Untracked 
|  64|0x000000070c200000, 0x000000070c200000, 0x000000070c400000|  0%| F|  |TAMS 0x000000070c200000, 0x000000070c200000| Untracked 
|  65|0x000000070c400000, 0x000000070c400000, 0x000000070c600000|  0%| F|  |TAMS 0x000000070c400000, 0x000000070c400000| Untracked 
|  66|0x000000070c600000, 0x000000070c600000, 0x000000070c800000|  0%| F|  |TAMS 0x000000070c600000, 0x000000070c600000| Untracked 
|  67|0x000000070c800000, 0x000000070c800000, 0x000000070ca00000|  0%| F|  |TAMS 0x000000070c800000, 0x000000070c800000| Untracked 
|  68|0x000000070ca00000, 0x000000070ca00000, 0x000000070cc00000|  0%| F|  |TAMS 0x000000070ca00000, 0x000000070ca00000| Untracked 
|  69|0x000000070cc00000, 0x000000070cc00000, 0x000000070ce00000|  0%| F|  |TAMS 0x000000070cc00000, 0x000000070cc00000| Untracked 
|  70|0x000000070ce00000, 0x000000070ce00000, 0x000000070d000000|  0%| F|  |TAMS 0x000000070ce00000, 0x000000070ce00000| Untracked 
|  71|0x000000070d000000, 0x000000070d000000, 0x000000070d200000|  0%| F|  |TAMS 0x000000070d000000, 0x000000070d000000| Untracked 
|  72|0x000000070d200000, 0x000000070d200000, 0x000000070d400000|  0%| F|  |TAMS 0x000000070d200000, 0x000000070d200000| Untracked 
|  73|0x000000070d400000, 0x000000070d400000, 0x000000070d600000|  0%| F|  |TAMS 0x000000070d400000, 0x000000070d400000| Untracked 
|  74|0x000000070d600000, 0x000000070d600000, 0x000000070d800000|  0%| F|  |TAMS 0x000000070d600000, 0x000000070d600000| Untracked 
|  75|0x000000070d800000, 0x000000070d800000, 0x000000070da00000|  0%| F|  |TAMS 0x000000070d800000, 0x000000070d800000| Untracked 
|  76|0x000000070da00000, 0x000000070da00000, 0x000000070dc00000|  0%| F|  |TAMS 0x000000070da00000, 0x000000070da00000| Untracked 
|  77|0x000000070dc00000, 0x000000070dc00000, 0x000000070de00000|  0%| F|  |TAMS 0x000000070dc00000, 0x000000070dc00000| Untracked 
|  78|0x000000070de00000, 0x000000070de00000, 0x000000070e000000|  0%| F|  |TAMS 0x000000070de00000, 0x000000070de00000| Untracked 
|  79|0x000000070e000000, 0x000000070e000000, 0x000000070e200000|  0%| F|  |TAMS 0x000000070e000000, 0x000000070e000000| Untracked 
|  80|0x000000070e200000, 0x000000070e200000, 0x000000070e400000|  0%| F|  |TAMS 0x000000070e200000, 0x000000070e200000| Untracked 
|  81|0x000000070e400000, 0x000000070e400000, 0x000000070e600000|  0%| F|  |TAMS 0x000000070e400000, 0x000000070e400000| Untracked 
|  82|0x000000070e600000, 0x000000070e600000, 0x000000070e800000|  0%| F|  |TAMS 0x000000070e600000, 0x000000070e600000| Untracked 
|  83|0x000000070e800000, 0x000000070e800000, 0x000000070ea00000|  0%| F|  |TAMS 0x000000070e800000, 0x000000070e800000| Untracked 
|  84|0x000000070ea00000, 0x000000070ea00000, 0x000000070ec00000|  0%| F|  |TAMS 0x000000070ea00000, 0x000000070ea00000| Untracked 
|  85|0x000000070ec00000, 0x000000070ec00000, 0x000000070ee00000|  0%| F|  |TAMS 0x000000070ec00000, 0x000000070ec00000| Untracked 
|  86|0x000000070ee00000, 0x000000070ee00000, 0x000000070f000000|  0%| F|  |TAMS 0x000000070ee00000, 0x000000070ee00000| Untracked 
|  87|0x000000070f000000, 0x000000070f000000, 0x000000070f200000|  0%| F|  |TAMS 0x000000070f000000, 0x000000070f000000| Untracked 
|  88|0x000000070f200000, 0x000000070f200000, 0x000000070f400000|  0%| F|  |TAMS 0x000000070f200000, 0x000000070f200000| Untracked 
|  89|0x000000070f400000, 0x000000070f400000, 0x000000070f600000|  0%| F|  |TAMS 0x000000070f400000, 0x000000070f400000| Untracked 
|  90|0x000000070f600000, 0x000000070f600000, 0x000000070f800000|  0%| F|  |TAMS 0x000000070f600000, 0x000000070f600000| Untracked 
|  91|0x000000070f800000, 0x000000070f800000, 0x000000070fa00000|  0%| F|  |TAMS 0x000000070f800000, 0x000000070f800000| Untracked 
|  92|0x000000070fa00000, 0x000000070fa00000, 0x000000070fc00000|  0%| F|  |TAMS 0x000000070fa00000, 0x000000070fa00000| Untracked 
|  93|0x000000070fc00000, 0x000000070fc00000, 0x000000070fe00000|  0%| F|  |TAMS 0x000000070fc00000, 0x000000070fc00000| Untracked 
|  94|0x000000070fe00000, 0x000000070fe00000, 0x0000000710000000|  0%| F|  |TAMS 0x000000070fe00000, 0x000000070fe00000| Untracked 
|  95|0x0000000710000000, 0x0000000710000000, 0x0000000710200000|  0%| F|  |TAMS 0x0000000710000000, 0x0000000710000000| Untracked 
|  96|0x0000000710200000, 0x0000000710200000, 0x0000000710400000|  0%| F|  |TAMS 0x0000000710200000, 0x0000000710200000| Untracked 
|  97|0x0000000710400000, 0x0000000710400000, 0x0000000710600000|  0%| F|  |TAMS 0x0000000710400000, 0x0000000710400000| Untracked 
|  98|0x0000000710600000, 0x0000000710600000, 0x0000000710800000|  0%| F|  |TAMS 0x0000000710600000, 0x0000000710600000| Untracked 
|  99|0x0000000710800000, 0x0000000710800000, 0x0000000710a00000|  0%| F|  |TAMS 0x0000000710800000, 0x0000000710800000| Untracked 
| 100|0x0000000710a00000, 0x0000000710a00000, 0x0000000710c00000|  0%| F|  |TAMS 0x0000000710a00000, 0x0000000710a00000| Untracked 
| 101|0x0000000710c00000, 0x0000000710c00000, 0x0000000710e00000|  0%| F|  |TAMS 0x0000000710c00000, 0x0000000710c00000| Untracked 
| 102|0x0000000710e00000, 0x0000000710e00000, 0x0000000711000000|  0%| F|  |TAMS 0x0000000710e00000, 0x0000000710e00000| Untracked 
| 103|0x0000000711000000, 0x0000000711000000, 0x0000000711200000|  0%| F|  |TAMS 0x0000000711000000, 0x0000000711000000| Untracked 
| 104|0x0000000711200000, 0x0000000711200000, 0x0000000711400000|  0%| F|  |TAMS 0x0000000711200000, 0x0000000711200000| Untracked 
| 105|0x0000000711400000, 0x0000000711400000, 0x0000000711600000|  0%| F|  |TAMS 0x0000000711400000, 0x0000000711400000| Untracked 
| 106|0x0000000711600000, 0x0000000711600000, 0x0000000711800000|  0%| F|  |TAMS 0x0000000711600000, 0x0000000711600000| Untracked 
| 107|0x0000000711800000, 0x0000000711800000, 0x0000000711a00000|  0%| F|  |TAMS 0x0000000711800000, 0x0000000711800000| Untracked 
| 108|0x0000000711a00000, 0x0000000711a00000, 0x0000000711c00000|  0%| F|  |TAMS 0x0000000711a00000, 0x0000000711a00000| Untracked 
| 109|0x0000000711c00000, 0x0000000711c00000, 0x0000000711e00000|  0%| F|  |TAMS 0x0000000711c00000, 0x0000000711c00000| Untracked 
| 110|0x0000000711e00000, 0x0000000711e00000, 0x0000000712000000|  0%| F|  |TAMS 0x0000000711e00000, 0x0000000711e00000| Untracked 
| 111|0x0000000712000000, 0x0000000712000000, 0x0000000712200000|  0%| F|  |TAMS 0x0000000712000000, 0x0000000712000000| Untracked 
| 112|0x0000000712200000, 0x0000000712200000, 0x0000000712400000|  0%| F|  |TAMS 0x0000000712200000, 0x0000000712200000| Untracked 
| 113|0x0000000712400000, 0x0000000712400000, 0x0000000712600000|  0%| F|  |TAMS 0x0000000712400000, 0x0000000712400000| Untracked 
| 114|0x0000000712600000, 0x0000000712600000, 0x0000000712800000|  0%| F|  |TAMS 0x0000000712600000, 0x0000000712600000| Untracked 
| 115|0x0000000712800000, 0x0000000712800000, 0x0000000712a00000|  0%| F|  |TAMS 0x0000000712800000, 0x0000000712800000| Untracked 
| 116|0x0000000712a00000, 0x0000000712a00000, 0x0000000712c00000|  0%| F|  |TAMS 0x0000000712a00000, 0x0000000712a00000| Untracked 
| 117|0x0000000712c00000, 0x0000000712c00000, 0x0000000712e00000|  0%| F|  |TAMS 0x0000000712c00000, 0x0000000712c00000| Untracked 
| 118|0x0000000712e00000, 0x0000000712e00000, 0x0000000713000000|  0%| F|  |TAMS 0x0000000712e00000, 0x0000000712e00000| Untracked 
| 119|0x0000000713000000, 0x0000000713000000, 0x0000000713200000|  0%| F|  |TAMS 0x0000000713000000, 0x0000000713000000| Untracked 
| 120|0x0000000713200000, 0x0000000713200000, 0x0000000713400000|  0%| F|  |TAMS 0x0000000713200000, 0x0000000713200000| Untracked 
| 121|0x0000000713400000, 0x0000000713400000, 0x0000000713600000|  0%| F|  |TAMS 0x0000000713400000, 0x0000000713400000| Untracked 
| 122|0x0000000713600000, 0x0000000713800000, 0x0000000713800000|100%| E|  |TAMS 0x0000000713600000, 0x0000000713600000| Complete 
| 123|0x0000000713800000, 0x0000000713a00000, 0x0000000713a00000|100%| E|CS|TAMS 0x0000000713800000, 0x0000000713800000| Complete 
| 124|0x0000000713a00000, 0x0000000713c00000, 0x0000000713c00000|100%| E|CS|TAMS 0x0000000713a00000, 0x0000000713a00000| Complete 
| 125|0x0000000713c00000, 0x0000000713e00000, 0x0000000713e00000|100%| E|CS|TAMS 0x0000000713c00000, 0x0000000713c00000| Complete 

Card table byte_map: [0x0000022330180000,0x0000022330960000] _byte_map_base: 0x000002232c95f000

Marking Bits (Prev, Next): (CMBitMap*) 0x000002231acdff10, (CMBitMap*) 0x000002231acdff50
 Prev Bits: [0x0000022331140000, 0x0000022335038000)
 Next Bits: [0x0000022335040000, 0x0000022338f38000)

Polling page: 0x000002231ad70000

Metaspace:

Usage:
  Non-class:      8.05 MB used.
      Class:    676.09 KB used.
       Both:      8.71 MB used.

Virtual space:
  Non-class space:       16.00 MB reserved,       8.12 MB ( 51%) committed,  2 nodes.
      Class space:        1.00 GB reserved,     768.00 KB ( <1%) committed,  1 nodes.
              Both:        1.02 GB reserved,       8.88 MB ( <1%) committed. 

Chunk freelists:
   Non-Class:  3.84 MB
       Class:  3.17 MB
        Both:  7.01 MB

MaxMetaspaceSize: 17179869184.00 GB
CompressedClassSpaceSize: 1.00 GB
 - commit_granule_bytes: 65536.
 - commit_granule_words: 8192.
 - virtual_space_node_default_size: 1048576.
 - enlarge_chunks_in_place: 1.
 - new_chunks_are_fully_committed: 0.
 - uncommit_free_chunks: 1.
 - use_allocation_guard: 0.
 - handle_deallocations: 1.


Internal statistics:

num_allocs_failed_limit: 0.
num_arena_births: 60.
num_arena_deaths: 0.
num_vsnodes_births: 3.
num_vsnodes_deaths: 0.
num_space_committed: 142.
num_space_uncommitted: 0.
num_chunks_returned_to_freelist: 0.
num_chunks_taken_from_freelist: 147.
num_chunk_merges: 0.
num_chunk_splits: 91.
num_chunks_enlarged: 66.
num_purges: 0.

CodeHeap 'non-profiled nmethods': size=119168Kb used=154Kb max_used=154Kb free=119013Kb
 bounds [0x0000022327580000, 0x00000223277f0000, 0x000002232e9e0000]
CodeHeap 'profiled nmethods': size=119104Kb used=928Kb max_used=928Kb free=118175Kb
 bounds [0x0000022320130000, 0x00000223203a0000, 0x0000022327580000]
CodeHeap 'non-nmethods': size=7488Kb used=2702Kb max_used=2716Kb free=4785Kb
 bounds [0x000002231f9e0000, 0x000002231fc90000, 0x0000022320130000]
 total_blobs=1595 nmethods=598 adapters=908
 compilation: enabled
              stopped_count=0, restarted_count=0
 full_count=0

Compilation events (20 events):
Event: 0.671 Thread 0x000002233c9ef4f0 nmethod 588 0x0000022320211a10 code [0x0000022320211be0, 0x0000022320211f78]
Event: 0.671 Thread 0x000002233c87a220 nmethod 587 0x0000022320212090 code [0x0000022320212520, 0x0000022320214618]
Event: 0.672 Thread 0x000002233c87a220  590       3       sun.misc.Unsafe::putLong (11 bytes)
Event: 0.672 Thread 0x000002233c9efa50  591       3       org.lwjgl.system.MemoryUtil::memPutAddress (29 bytes)
Event: 0.672 Thread 0x000002233c87a220 nmethod 590 0x0000022320215890 code [0x0000022320215a20, 0x0000022320215b38]
Event: 0.672 Thread 0x000002233c871720  592       4       java.lang.Integer::toUnsignedLong (7 bytes)
Event: 0.672 Thread 0x000002233c9efa50 nmethod 591 0x0000022320215c10 code [0x0000022320215dc0, 0x0000022320215fb8]
Event: 0.673 Thread 0x000002233c871720 nmethod 592 0x00000223275a5d10 code [0x00000223275a5e80, 0x00000223275a5ed8]
Event: 0.673 Thread 0x000002233c871720  593       4       sun.misc.Unsafe::putLong (11 bytes)
Event: 0.673 Thread 0x000002233c871720 nmethod 593 0x00000223275a6010 code [0x00000223275a61a0, 0x00000223275a6238]
Event: 0.674 Thread 0x000002233c871720  594       4       java.util.Arrays::copyOfRange (64 bytes)
Event: 0.674 Thread 0x000002233c9efa50  597       3       java.util.WeakHashMap::remove (131 bytes)
Event: 0.674 Thread 0x000002233c9ef4f0  595   !   3       java.util.zip.ZipFile$ZipFileInputStream::close (59 bytes)
Event: 0.674 Thread 0x000002233c87a220  596       3       java.util.Collections$SetFromMap::remove (19 bytes)
Event: 0.675 Thread 0x000002233c87a220 nmethod 596 0x0000022320216090 code [0x0000022320216240, 0x0000022320216468]
Event: 0.675 Thread 0x000002233c9ef4f0 nmethod 595 0x0000022320216510 code [0x00000223202166e0, 0x0000022320216a68]
Event: 0.676 Thread 0x000002233c9efa50 nmethod 597 0x0000022320216c90 code [0x0000022320216ee0, 0x0000022320217a78]
Event: 0.676 Thread 0x000002233c871720 nmethod 594 0x00000223275a6310 code [0x00000223275a64a0, 0x00000223275a6718]
Event: 0.680 Thread 0x000002233c9efa50  598       3       jdk.internal.loader.BuiltinClassLoader::loadClassOrNull (7 bytes)
Event: 0.680 Thread 0x000002233c9efa50 nmethod 598 0x0000022320217e90 code [0x0000022320218040, 0x0000022320218208]

GC Heap History (0 events):
No events

Deoptimization events (6 events):
Event: 0.320 Thread 0x000002231ac8a960 DEOPT PACKING pc=0x0000022320147b67 sp=0x0000005ea6afcba0
Event: 0.320 Thread 0x000002231ac8a960 DEOPT UNPACKING pc=0x000002231fa2dece sp=0x0000005ea6afbfc0 mode 0
Event: 0.681 Thread 0x000002231ac8a960 Uncommon trap: trap_request=0xffffff54 fr.pc=0x00000223275a6200 relative=0x0000000000000060
Event: 0.681 Thread 0x000002231ac8a960 Uncommon trap: reason=speculate_null_assert action=make_not_entrant pc=0x00000223275a6200 method=sun.misc.Unsafe.putLong(Ljava/lang/Object;JJ)V @ 7 c2
Event: 0.681 Thread 0x000002231ac8a960 DEOPT PACKING pc=0x00000223275a6200 sp=0x0000005ea6aff280
Event: 0.681 Thread 0x000002231ac8a960 DEOPT UNPACKING pc=0x000002231fa2d72e sp=0x0000005ea6aff1f8 mode 2

Classes unloaded (0 events):
No events

Classes redefined (0 events):
No events

Internal exceptions (20 events):
Event: 0.197 Thread 0x000002231ac8a960 Exception <a 'java/lang/NoSuchMethodError'{0x0000000713b35fa0}: 'java.lang.Object java.lang.invoke.DirectMethodHandle$Holder.invokeStaticInit(java.lang.Object)'> (0x0000000713b35fa0) 
thrown [t:\workspace\open\src\hotspot\share\interpreter\linkResolver.cpp, line 790]
Event: 0.211 Thread 0x000002231ac8a960 Exception <a 'java/lang/NoSuchMethodError'{0x0000000713b824b0}: 'void java.lang.invoke.DirectMethodHandle$Holder.invokeStatic(java.lang.Object, java.lang.Object)'> (0x0000000713b824b0) 
thrown [t:\workspace\open\src\hotspot\share\interpreter\linkResolver.cpp, line 790]
Event: 0.212 Thread 0x000002231ac8a960 Exception <a 'java/lang/NoSuchMethodError'{0x0000000713b87e18}: 'void java.lang.invoke.DirectMethodHandle$Holder.invokeSpecial(java.lang.Object, java.lang.Object, java.lang.Object)'> (0x0000000713b87e18) 
thrown [t:\workspace\open\src\hotspot\share\interpreter\linkResolver.cpp, line 790]
Event: 0.214 Thread 0x000002231ac8a960 Exception <a 'java/lang/NoSuchMethodError'{0x0000000713b9ca10}: 'java.lang.Object java.lang.invoke.DirectMethodHandle$Holder.invokeStatic(java.lang.Object, java.lang.Object, int)'> (0x0000000713b9ca10) 
thrown [t:\workspace\open\src\hotspot\share\interpreter\linkResolver.cpp, line 790]
Event: 0.215 Thread 0x000002231ac8a960 Exception <a 'java/lang/NoSuchMethodError'{0x0000000713ba8bb8}: 'void java.lang.invoke.DelegatingMethodHandle$Holder.delegate(java.lang.Object, java.lang.Object, int, java.lang.Object)'> (0x0000000713ba8bb8) 
thrown [t:\workspace\open\src\hotspot\share\interpreter\linkResolver.cpp, line 790]
Event: 0.215 Thread 0x000002231ac8a960 Exception <a 'java/lang/NoSuchMethodError'{0x0000000713bacf10}: 'int java.lang.invoke.DirectMethodHandle$Holder.invokeSpecial(java.lang.Object, java.lang.Object, java.lang.Object)'> (0x0000000713bacf10) 
thrown [t:\workspace\open\src\hotspot\share\interpreter\linkResolver.cpp, line 790]
Event: 0.270 Thread 0x000002231ac8a960 Exception <a 'sun/nio/fs/WindowsException'{0x000000071381ed68}> (0x000000071381ed68) 
thrown [t:\workspace\open\src\hotspot\share\prims\jni.cpp, line 579]
Event: 0.271 Thread 0x000002231ac8a960 Exception <a 'sun/nio/fs/WindowsException'{0x000000071381f2f8}> (0x000000071381f2f8) 
thrown [t:\workspace\open\src\hotspot\share\prims\jni.cpp, line 579]
Event: 0.304 Thread 0x000002231ac8a960 Exception <a 'java/lang/NoSuchMethodError'{0x0000000713982d40}: 'int java.lang.invoke.DirectMethodHandle$Holder.invokeStaticInit(java.lang.Object, java.lang.Object, int, long)'> (0x0000000713982d40) 
thrown [t:\workspace\open\src\hotspot\share\interpreter\linkResolver.cpp, line 790]
Event: 0.304 Thread 0x000002231ac8a960 Exception <a 'java/lang/NoSuchMethodError'{0x0000000713988810}: 'java.lang.Object java.lang.invoke.DirectMethodHandle$Holder.newInvokeSpecial(java.lang.Object, java.lang.Object, int)'> (0x0000000713988810) 
thrown [t:\workspace\open\src\hotspot\share\interpreter\linkResolver.cpp, line 790]
Event: 0.307 Thread 0x000002231ac8a960 Exception <a 'java/lang/NoSuchMethodError'{0x0000000713997700}: 'int java.lang.invoke.DirectMethodHandle$Holder.invokeStaticInit(java.lang.Object, java.lang.Object, long, long)'> (0x0000000713997700) 
thrown [t:\workspace\open\src\hotspot\share\interpreter\linkResolver.cpp, line 790]
Event: 0.307 Thread 0x000002231ac8a960 Exception <a 'java/lang/NoSuchMethodError'{0x000000071399daa8}: 'java.lang.Object java.lang.invoke.DirectMethodHandle$Holder.newInvokeSpecial(java.lang.Object, java.lang.Object, long)'> (0x000000071399daa8) 
thrown [t:\workspace\open\src\hotspot\share\interpreter\linkResolver.cpp, line 790]
Event: 0.307 Thread 0x000002231ac8a960 Exception <a 'java/lang/NoSuchMethodError'{0x00000007139a1c00}: 'java.lang.Object java.lang.invoke.Invokers$Holder.linkToTargetMethod(java.lang.Object, long, java.lang.Object)'> (0x00000007139a1c00) 
thrown [t:\workspace\open\src\hotspot\share\interpreter\linkResolver.cpp, line 790]
Event: 0.308 Thread 0x000002231ac8a960 Exception <a 'java/lang/NoSuchMethodError'{0x00000007139a96a8}: 'int java.lang.invoke.DirectMethodHandle$Holder.invokeStaticInit(java.lang.Object, java.lang.Object, java.lang.Object, long)'> (0x00000007139a96a8) 
thrown [t:\workspace\open\src\hotspot\share\interpreter\linkResolver.cpp, line 790]
Event: 0.336 Thread 0x000002231ac8a960 Exception <a 'sun/nio/fs/WindowsException'{0x0000000713656030}> (0x0000000713656030) 
thrown [t:\workspace\open\src\hotspot\share\prims\jni.cpp, line 579]
Event: 0.336 Thread 0x000002231ac8a960 Exception <a 'sun/nio/fs/WindowsException'{0x00000007136563e0}> (0x00000007136563e0) 
thrown [t:\workspace\open\src\hotspot\share\prims\jni.cpp, line 579]
Event: 0.660 Thread 0x000002231ac8a960 Exception <a 'sun/nio/fs/WindowsException'{0x0000000713771798}> (0x0000000713771798) 
thrown [t:\workspace\open\src\hotspot\share\prims\jni.cpp, line 579]
Event: 0.660 Thread 0x000002231ac8a960 Exception <a 'sun/nio/fs/WindowsException'{0x0000000713771b80}> (0x0000000713771b80) 
thrown [t:\workspace\open\src\hotspot\share\prims\jni.cpp, line 579]
Event: 0.670 Thread 0x000002231ac8a960 Exception <a 'sun/nio/fs/WindowsException'{0x0000000713786520}> (0x0000000713786520) 
thrown [t:\workspace\open\src\hotspot\share\prims\jni.cpp, line 579]
Event: 0.670 Thread 0x000002231ac8a960 Exception <a 'sun/nio/fs/WindowsException'{0x0000000713786840}> (0x0000000713786840) 
thrown [t:\workspace\open\src\hotspot\share\prims\jni.cpp, line 579]

Events (20 events):
Event: 0.322 loading class java/util/Formatter$FormatString
Event: 0.322 loading class java/util/Formatter$FormatString done
Event: 0.322 loading class java/util/Formatter$FixedString done
Event: 0.322 loading class java/util/Formatter$FormatSpecifier
Event: 0.322 loading class java/util/Formatter$FormatSpecifier done
Event: 0.322 loading class java/util/Formatter$Flags
Event: 0.322 loading class java/util/Formatter$Flags done
Event: 0.322 loading class java/util/Formatter$Conversion
Event: 0.322 loading class java/util/Formatter$Conversion done
Event: 0.322 loading class java/util/Formattable
Event: 0.322 loading class java/util/Formattable done
Event: 0.324 loading class java/util/function/BiPredicate
Event: 0.324 loading class java/util/function/BiPredicate done
Event: 0.337 loading class java/lang/NoSuchFieldError
Event: 0.337 loading class java/lang/NoSuchFieldError done
Event: 0.342 loading class jdk/internal/misc/ScopedMemoryAccess$Scope
Event: 0.342 loading class jdk/internal/misc/ScopedMemoryAccess$Scope done
Event: 0.343 loading class jdk/internal/reflect/UnsafeQualifiedStaticIntegerFieldAccessorImpl
Event: 0.343 loading class jdk/internal/reflect/UnsafeQualifiedStaticIntegerFieldAccessorImpl done
Event: 0.665 Loaded shared library C:\Users\samuelr_espen\AppData\Local\Temp\lwjgl_samuelr_espen\3.3.2+13\x64\lwjgl_opengl.dll


Dynamic libraries:
0x00007ff70a680000 - 0x00007ff70a68e000 	Z:\Coding\java\Eclipse\plugins\org.eclipse.justj.openjdk.hotspot.jre.full.win32.x86_64_16.0.2.v20210721-1149\jre\bin\javaw.exe
0x00007ffe87670000 - 0x00007ffe87866000 	C:\WINDOWS\SYSTEM32\ntdll.dll
0x00007ffe872d0000 - 0x00007ffe8738d000 	C:\WINDOWS\System32\KERNEL32.DLL
0x00007ffe852d0000 - 0x00007ffe85599000 	C:\WINDOWS\System32\KERNELBASE.dll
0x00007ffe85120000 - 0x00007ffe85220000 	C:\WINDOWS\System32\ucrtbase.dll
0x00007ffe81cb0000 - 0x00007ffe81cc8000 	Z:\Coding\java\Eclipse\plugins\org.eclipse.justj.openjdk.hotspot.jre.full.win32.x86_64_16.0.2.v20210721-1149\jre\bin\jli.dll
0x00007ffe86f50000 - 0x00007ffe870f0000 	C:\WINDOWS\System32\USER32.dll
0x00007ffe855d0000 - 0x00007ffe855f2000 	C:\WINDOWS\System32\win32u.dll
0x00007ffe85b60000 - 0x00007ffe85b8a000 	C:\WINDOWS\System32\GDI32.dll
0x00007ffe63940000 - 0x00007ffe63bdb000 	C:\WINDOWS\WinSxS\amd64_microsoft.windows.common-controls_6595b64144ccf1df_6.0.19041.746_none_ca02b4b61b8320a4\COMCTL32.dll
0x00007ffe84eb0000 - 0x00007ffe84fbb000 	C:\WINDOWS\System32\gdi32full.dll
0x00007ffe85c70000 - 0x00007ffe85d0e000 	C:\WINDOWS\System32\msvcrt.dll
0x00007ffe84e10000 - 0x00007ffe84ead000 	C:\WINDOWS\System32\msvcp_win.dll
0x00007ffe81c90000 - 0x00007ffe81ca9000 	Z:\Coding\java\Eclipse\plugins\org.eclipse.justj.openjdk.hotspot.jre.full.win32.x86_64_16.0.2.v20210721-1149\jre\bin\VCRUNTIME140.dll
0x00007ffe85d10000 - 0x00007ffe85d40000 	C:\WINDOWS\System32\IMM32.DLL
0x00007ffe82550000 - 0x00007ffe8255c000 	Z:\Coding\java\Eclipse\plugins\org.eclipse.justj.openjdk.hotspot.jre.full.win32.x86_64_16.0.2.v20210721-1149\jre\bin\vcruntime140_1.dll
0x00007ffe5de60000 - 0x00007ffe5def1000 	Z:\Coding\java\Eclipse\plugins\org.eclipse.justj.openjdk.hotspot.jre.full.win32.x86_64_16.0.2.v20210721-1149\jre\bin\msvcp140.dll
0x00007ffdf1110000 - 0x00007ffdf1cbb000 	Z:\Coding\java\Eclipse\plugins\org.eclipse.justj.openjdk.hotspot.jre.full.win32.x86_64_16.0.2.v20210721-1149\jre\bin\server\jvm.dll
0x00007ffe87580000 - 0x00007ffe8762c000 	C:\WINDOWS\System32\ADVAPI32.dll
0x00007ffe86850000 - 0x00007ffe868ec000 	C:\WINDOWS\System32\sechost.dll
0x00007ffe868f0000 - 0x00007ffe86a1b000 	C:\WINDOWS\System32\RPCRT4.dll
0x00007ffe85b90000 - 0x00007ffe85b98000 	C:\WINDOWS\System32\PSAPI.DLL
0x00007ffe66910000 - 0x00007ffe66919000 	C:\WINDOWS\SYSTEM32\WSOCK32.dll
0x00007ffe79f30000 - 0x00007ffe79f57000 	C:\WINDOWS\SYSTEM32\WINMM.dll
0x00007ffe85a40000 - 0x00007ffe85aab000 	C:\WINDOWS\System32\WS2_32.dll
0x00007ffe7e900000 - 0x00007ffe7e90a000 	C:\WINDOWS\SYSTEM32\VERSION.dll
0x00007ffe82c30000 - 0x00007ffe82c42000 	C:\WINDOWS\SYSTEM32\kernel.appcore.dll
0x00007ffe81c20000 - 0x00007ffe81c2a000 	Z:\Coding\java\Eclipse\plugins\org.eclipse.justj.openjdk.hotspot.jre.full.win32.x86_64_16.0.2.v20210721-1149\jre\bin\jimage.dll
0x00007ffe7c890000 - 0x00007ffe7ca74000 	C:\WINDOWS\SYSTEM32\DBGHELP.DLL
0x00007ffe66a00000 - 0x00007ffe66a2c000 	C:\WINDOWS\SYSTEM32\dbgcore.DLL
0x00007ffe85650000 - 0x00007ffe856d0000 	C:\WINDOWS\System32\bcryptPrimitives.dll
0x00007ffe40d50000 - 0x00007ffe40d75000 	Z:\Coding\java\Eclipse\plugins\org.eclipse.justj.openjdk.hotspot.jre.full.win32.x86_64_16.0.2.v20210721-1149\jre\bin\java.dll
0x00007ffe814a0000 - 0x00007ffe814b8000 	Z:\Coding\java\Eclipse\plugins\org.eclipse.justj.openjdk.hotspot.jre.full.win32.x86_64_16.0.2.v20210721-1149\jre\bin\zip.dll
0x00007ffe85e70000 - 0x00007ffe865b3000 	C:\WINDOWS\System32\SHELL32.dll
0x00007ffe82e30000 - 0x00007ffe835bf000 	C:\WINDOWS\SYSTEM32\windows.storage.dll
0x00007ffe856e0000 - 0x00007ffe85a36000 	C:\WINDOWS\System32\combase.dll
0x00007ffe84810000 - 0x00007ffe8483c000 	C:\WINDOWS\SYSTEM32\Wldp.dll
0x00007ffe870f0000 - 0x00007ffe8719e000 	C:\WINDOWS\System32\SHCORE.dll
0x00007ffe86a20000 - 0x00007ffe86a75000 	C:\WINDOWS\System32\shlwapi.dll
0x00007ffe84ce0000 - 0x00007ffe84d06000 	C:\WINDOWS\SYSTEM32\profapi.dll
0x00007ffe419a0000 - 0x00007ffe419b9000 	Z:\Coding\java\Eclipse\plugins\org.eclipse.justj.openjdk.hotspot.jre.full.win32.x86_64_16.0.2.v20210721-1149\jre\bin\net.dll
0x00007ffe83e50000 - 0x00007ffe83f50000 	C:\WINDOWS\SYSTEM32\WINHTTP.dll
0x00007ffe84590000 - 0x00007ffe845fa000 	C:\WINDOWS\system32\mswsock.dll
0x00007ffe3ef50000 - 0x00007ffe3ef63000 	Z:\Coding\java\Eclipse\plugins\org.eclipse.justj.openjdk.hotspot.jre.full.win32.x86_64_16.0.2.v20210721-1149\jre\bin\nio.dll
0x00007ffe6dd30000 - 0x00007ffe6ddaa000 	C:\Users\samuelr_espen\AppData\Local\Temp\lwjgl_samuelr_espen\3.3.2+13\x64\lwjgl.dll
0x00007ffe57e10000 - 0x00007ffe57e92000 	C:\Users\SAMUEL~1\AppData\Local\Temp\lwjgl_samuelr_espen\3.3.2+13\x64\glfw.dll
0x00007ffe81350000 - 0x00007ffe81395000 	C:\WINDOWS\SYSTEM32\dinput8.dll
0x00007ffe81c30000 - 0x00007ffe81c41000 	C:\WINDOWS\SYSTEM32\xinput1_4.dll
0x00007ffe85600000 - 0x00007ffe8564e000 	C:\WINDOWS\System32\cfgmgr32.dll
0x00007ffe84b50000 - 0x00007ffe84b7c000 	C:\WINDOWS\SYSTEM32\DEVOBJ.dll
0x00007ffe82940000 - 0x00007ffe8296f000 	C:\WINDOWS\SYSTEM32\dwmapi.dll
0x00007ffe79330000 - 0x00007ffe79482000 	C:\WINDOWS\SYSTEM32\inputhost.dll
0x00007ffe85ba0000 - 0x00007ffe85c6d000 	C:\WINDOWS\System32\OLEAUT32.dll
0x00007ffe80a70000 - 0x00007ffe80bc4000 	C:\WINDOWS\SYSTEM32\wintypes.dll
0x00007ffe82130000 - 0x00007ffe82222000 	C:\WINDOWS\SYSTEM32\CoreMessaging.dll
0x00007ffe7f970000 - 0x00007ffe7fa67000 	C:\WINDOWS\SYSTEM32\PROPSYS.dll
0x00007ffe81dd0000 - 0x00007ffe8212e000 	C:\WINDOWS\SYSTEM32\CoreUIComponents.dll
0x00007ffe836d0000 - 0x00007ffe83703000 	C:\WINDOWS\SYSTEM32\ntmarta.dll
0x00007ffe82770000 - 0x00007ffe8280e000 	C:\WINDOWS\system32\uxtheme.dll
0x00007ffe85d50000 - 0x00007ffe85e66000 	C:\WINDOWS\System32\MSCTF.dll
0x00007ffe4d670000 - 0x00007ffe4d795000 	C:\WINDOWS\SYSTEM32\opengl32.dll
0x00007ffe81bd0000 - 0x00007ffe81bfc000 	C:\WINDOWS\SYSTEM32\GLU32.dll
0x00007ffe85ab0000 - 0x00007ffe85b59000 	C:\WINDOWS\System32\clbcatq.dll
0x00007ffe03f00000 - 0x00007ffe070ba000 	C:\WINDOWS\System32\DriverStore\FileRepository\nv_dispwi.inf_amd64_5f81b7821a5b83dd\nvoglv64.dll
0x00007ffe86a80000 - 0x00007ffe86ee7000 	C:\WINDOWS\System32\SETUPAPI.dll
0x00007ffe855a0000 - 0x00007ffe855c7000 	C:\WINDOWS\System32\bcrypt.dll
0x00007ffe871a0000 - 0x00007ffe872ca000 	C:\WINDOWS\System32\ole32.dll
0x00007ffe823f0000 - 0x00007ffe82404000 	C:\WINDOWS\SYSTEM32\WTSAPI32.dll
0x00007ffe84780000 - 0x00007ffe8478c000 	C:\WINDOWS\SYSTEM32\CRYPTBASE.DLL
0x00007ffe84990000 - 0x00007ffe849a2000 	C:\WINDOWS\SYSTEM32\msasn1.dll
0x00007ffe7dd80000 - 0x00007ffe7ddb1000 	C:\WINDOWS\SYSTEM32\cryptnet.dll
0x00007ffe84fc0000 - 0x00007ffe85116000 	C:\WINDOWS\System32\CRYPT32.dll
0x00007ffe7dc30000 - 0x00007ffe7dd79000 	C:\WINDOWS\SYSTEM32\drvstore.dll
0x00007ffe84db0000 - 0x00007ffe84e10000 	C:\WINDOWS\System32\WINTRUST.dll
0x00007ffe81990000 - 0x00007ffe819cb000 	C:\WINDOWS\SYSTEM32\dxcore.dll
0x00007ffe2c040000 - 0x00007ffe2c30e000 	C:\WINDOWS\system32\nvspcap64.dll
0x00007ffe84350000 - 0x00007ffe8439b000 	C:\WINDOWS\SYSTEM32\powrprof.dll
0x00007ffe84210000 - 0x00007ffe84222000 	C:\WINDOWS\SYSTEM32\UMPDC.dll
0x00007ffe83a60000 - 0x00007ffe83aba000 	C:\WINDOWS\SYSTEM32\WINSTA.dll
0x00007ffe6cd20000 - 0x00007ffe6cd7e000 	C:\Users\samuelr_espen\AppData\Local\Temp\lwjgl_samuelr_espen\3.3.2+13\x64\lwjgl_opengl.dll

dbghelp: loaded successfully - version: 4.0.5 - missing functions: none
symbol engine: initialized successfully - sym options: 0x614 - pdb path: .;Z:\Coding\java\Eclipse\plugins\org.eclipse.justj.openjdk.hotspot.jre.full.win32.x86_64_16.0.2.v20210721-1149\jre\bin;C:\WINDOWS\SYSTEM32;C:\WINDOWS\WinSxS\amd64_microsoft.windows.common-controls_6595b64144ccf1df_6.0.19041.746_none_ca02b4b61b8320a4;Z:\Coding\java\Eclipse\plugins\org.eclipse.justj.openjdk.hotspot.jre.full.win32.x86_64_16.0.2.v20210721-1149\jre\bin\server;C:\Users\samuelr_espen\AppData\Local\Temp\lwjgl_samuelr_espen\3.3.2+13\x64;C:\Users\SAMUEL~1\AppData\Local\Temp\lwjgl_samuelr_espen\3.3.2+13\x64;C:\WINDOWS\System32\DriverStore\FileRepository\nv_dispwi.inf_amd64_5f81b7821a5b83dd

VM Arguments:
jvm_args: -Dfile.encoding=Cp1252 -XX:+ShowCodeDetailsInExceptionMessages 
java_command: samresp14.src.Main
java_class_path (initial): Z:\Coding\java\LWJGLTestWorkspace\LWJGLTest\bin;Z:\Coding\java\lwjgl3\lwjgl.jar;Z:\Coding\java\lwjgl3\lwjgl-assimp.jar;Z:\Coding\java\lwjgl3\lwjgl-assimp-natives-windows.jar;Z:\Coding\java\lwjgl3\lwjgl-bgfx.jar;Z:\Coding\java\lwjgl3\lwjgl-bgfx-natives-windows.jar;Z:\Coding\java\lwjgl3\lwjgl-glfw.jar;Z:\Coding\java\lwjgl3\lwjgl-glfw-natives-windows.jar;Z:\Coding\java\lwjgl3\lwjgl-nanovg.jar;Z:\Coding\java\lwjgl3\lwjgl-nanovg-natives-windows.jar;Z:\Coding\java\lwjgl3\lwjgl-natives-windows.jar;Z:\Coding\java\lwjgl3\lwjgl-nuklear.jar;Z:\Coding\java\lwjgl3\lwjgl-nuklear-natives-windows.jar;Z:\Coding\java\lwjgl3\lwjgl-openal.jar;Z:\Coding\java\lwjgl3\lwjgl-openal-natives-windows.jar;Z:\Coding\java\lwjgl3\lwjgl-opengl.jar;Z:\Coding\java\lwjgl3\lwjgl-opengl-natives-windows.jar;Z:\Coding\java\lwjgl3\lwjgl-par.jar;Z:\Coding\java\lwjgl3\lwjgl-par-natives-windows.jar;Z:\Coding\java\lwjgl3\lwjgl-stb.jar;Z:\Coding\java\lwjgl3\lwjgl-stb-natives-windows.jar;Z:\Coding\java\lwjgl3\lwjgl-vulkan.jar
Launcher Type: SUN_STANDARD

[Global flags]
     intx CICompilerCount                          = 12                                        {product} {ergonomic}
     uint ConcGCThreads                            = 3                                         {product} {ergonomic}
     uint G1ConcRefinementThreads                  = 13                                        {product} {ergonomic}
   size_t G1HeapRegionSize                         = 2097152                                   {product} {ergonomic}
    uintx GCDrainStackTargetSize                   = 64                                        {product} {ergonomic}
   size_t InitialHeapSize                          = 264241152                                 {product} {ergonomic}
   size_t MarkStackSize                            = 4194304                                   {product} {ergonomic}
   size_t MaxHeapSize                              = 4225761280                                {product} {ergonomic}
   size_t MaxNewSize                               = 2535456768                                {product} {ergonomic}
   size_t MinHeapDeltaBytes                        = 2097152                                   {product} {ergonomic}
   size_t MinHeapSize                              = 8388608                                   {product} {ergonomic}
    uintx NonNMethodCodeHeapSize                   = 7602480                                {pd product} {ergonomic}
    uintx NonProfiledCodeHeapSize                  = 122027880                              {pd product} {ergonomic}
    uintx ProfiledCodeHeapSize                     = 122027880                              {pd product} {ergonomic}
    uintx ReservedCodeCacheSize                    = 251658240                              {pd product} {ergonomic}
     bool SegmentedCodeCache                       = true                                      {product} {ergonomic}
     bool ShowCodeDetailsInExceptionMessages       = true                                   {manageable} {command line}
   size_t SoftMaxHeapSize                          = 4225761280                             {manageable} {ergonomic}
     bool UseCompressedClassPointers               = true                           {product lp64_product} {ergonomic}
     bool UseCompressedOops                        = true                           {product lp64_product} {ergonomic}
     bool UseG1GC                                  = true                                      {product} {ergonomic}
     bool UseLargePagesIndividualAllocation        = false                                  {pd product} {ergonomic}

Logging:
Log output configuration:
 #0: stdout all=warning uptime,level,tags
 #1: stderr all=off uptime,level,tags

Environment Variables:
PATH=Z:/Coding/java/Eclipse//plugins/org.eclipse.justj.openjdk.hotspot.jre.full.win32.x86_64_16.0.2.v20210721-1149/jre/bin/server;Z:/Coding/java/Eclipse//plugins/org.eclipse.justj.openjdk.hotspot.jre.full.win32.x86_64_16.0.2.v20210721-1149/jre/bin;C:\Program Files (x86)\VMware\VMware Player\bin\;C:\Program Files (x86)\Common Files\Oracle\Java\javapath;C:\WINDOWS\system32;C:\WINDOWS;C:\WINDOWS\System32\Wbem;C:\WINDOWS\System32\WindowsPowerShell\v1.0\;C:\WINDOWS\System32\OpenSSH\;C:\Program Files\Microsoft SQL Server\120\Tools\Binn\;C:\Program Files (x86)\IVI Foundation\VISA\WinNT\Bin\;C:\Program Files\IVI Foundation\VISA\Win64\Bin\;C:\Program Files (x86)\IVI Foundation\VISA\WinNT\Bin;C:\Program Files\Microsoft VS Code\bin;C:\Program Files\Common Files\Autodesk Shared\;C:\Program Files\dotnet\;C:\Program Files\NVIDIA Corporation\NVIDIA NvDLISR;C:\Users\samuelr_espen\AppData\Local\Microsoft\WindowsApps;;Z:\Coding\java\Eclipse;
USERNAME=samuelr_espen
OS=Windows_NT
PROCESSOR_IDENTIFIER=Intel64 Family 6 Model 165 Stepping 5, GenuineIntel



---------------  S Y S T E M  ---------------

OS:
 Windows 10 , 64 bit Build 19041 (10.0.19041.662)
OS uptime: 136 days 2:05 hours

CPU: total 16 (initial active 16) (8 cores per cpu, 2 threads per core) family 6 model 165 stepping 5 microcode 0xec, cx8, cmov, fxsr, ht, mmx, 3dnowpref, sse, sse2, sse3, ssse3, sse4.1, sse4.2, popcnt, lzcnt, tsc, tscinvbit, avx, avx2, aes, erms, clmul, bmi1, bmi2, adx, fma, vzeroupper, clflush, clflushopt

Memory: 4k page, system-wide physical 16117M (6609M free)
TotalPageFile size 20415M (AvailPageFile size 6046M)
current process WorkingSet (physical memory assigned to process): 76M, peak: 76M
current process commit charge ("private bytes"): 380M, peak: 380M

vm_info: OpenJDK 64-Bit Server VM (16.0.2+7-67) for windows-amd64 JRE (16.0.2+7-67), built on Jun  8 2021 23:21:43 by "mach5one" with MS VC++ 16.7 (VS2019)

END.
