#
# A fatal error has been detected by the Java Runtime Environment:
#
#  EXCEPTION_ACCESS_VIOLATION (0xc0000005) at pc=0x00007ffe6cd2df0d, pid=44956, tid=39452
#
# JRE version: OpenJDK Runtime Environment (16.0.2+7) (build 16.0.2+7-67)
# Java VM: OpenJDK 64-Bit Server VM (16.0.2+7-67, mixed mode, tiered, compressed oops, compressed class ptrs, g1 gc, windows-amd64)
# Problematic frame:
# C  [lwjgl_opengl.dll+0xdf0d]
#
# No core dump will be written. Minidumps are not enabled by default on client versions of Windows
#
# If you would like to submit a bug report, please visit:
#   https://bugreport.java.com/bugreport/crash.jsp
# The crash happened outside the Java Virtual Machine in native code.
# See problematic frame for where to report the bug.
#

---------------  S U M M A R Y ------------

Command Line: -Dfile.encoding=Cp1252 -XX:+ShowCodeDetailsInExceptionMessages samresp14.src.Main

Host: Intel(R) Core(TM) i7-10700 CPU @ 2.90GHz, 16 cores, 15G,  Windows 10 , 64 bit Build 19041 (10.0.19041.662)
Time: Mon Apr 24 11:36:20 2023 Central Daylight Time elapsed time: 0.479042 seconds (0d 0h 0m 0s)

---------------  T H R E A D  ---------------

Current thread (0x00000219b7d01df0):  JavaThread "main" [_thread_in_native, id=39452, stack(0x0000004023300000,0x0000004023400000)]

Stack: [0x0000004023300000,0x0000004023400000],  sp=0x00000040233fef68,  free space=1019k
Native frames: (J=compiled Java code, j=interpreted, Vv=VM code, C=native code)
C  [lwjgl_opengl.dll+0xdf0d]

Java frames: (J=compiled Java code, j=interpreted, Vv=VM code)
j  org.lwjgl.opengl.GL15C.nglGenBuffers(IJ)V+0
j  org.lwjgl.opengl.GL15C.glGenBuffers()I+20
j  org.lwjgl.opengl.GL15.glGenBuffers()I+0
j  samresp14.src.Graphics.createProgram()V+0
j  samresp14.src.Graphics.<init>()V+5
j  samresp14.src.Main.init()V+215
j  samresp14.src.Main.run()V+30
j  samresp14.src.Main.main([Ljava/lang/String;)V+7
v  ~StubRoutines::call_stub

siginfo: EXCEPTION_ACCESS_VIOLATION (0xc0000005), reading address 0x0000000000000d98


Register to memory mapping:

RIP=0x00007ffe6cd2df0d lwjgl_opengl.dll
RAX=0x00000219d81af8a0 points into unknown readable memory: 0x0000000000000000 | 00 00 00 00 00 00 00 00
RBX={method} {0x00000219df0066c0} 'nglGenBuffers' '(IJ)V' in 'org/lwjgl/opengl/GL15C'
RCX=0x0000000000000001 is an unknown value
RDX=0x00000219d81ac00c points into unknown readable memory: 00 00 00 00
RSP=0x00000040233fef68 is pointing into the stack for thread: 0x00000219b7d01df0
RBP=0x00000040233feff0 is pointing into the stack for thread: 0x00000219b7d01df0
RSI=0x00000219d7adc830 is pointing into metadata
RDI=0x0000000000000001 is an unknown value
R8 =0x0000000000000001 is an unknown value
R9 =0x00000219d81ac00c points into unknown readable memory: 00 00 00 00
R10=0x0 is NULL
R11=0x00000007137a23f0 is an oop: java.lang.Class 
{0x00000007137a23f0} - klass: 'java/lang/Class'
R12=0x0 is NULL
R13={method} {0x00000219df0066c0} 'nglGenBuffers' '(IJ)V' in 'org/lwjgl/opengl/GL15C'
R14=0x00000040233ff020 is pointing into the stack for thread: 0x00000219b7d01df0
R15=0x00000219b7d01df0 is a thread


Registers:
RAX=0x00000219d81af8a0, RBX=0x00000219df0066b8, RCX=0x0000000000000001, RDX=0x00000219d81ac00c
RSP=0x00000040233fef68, RBP=0x00000040233feff0, RSI=0x00000219d7adc830, RDI=0x0000000000000001
R8 =0x0000000000000001, R9 =0x00000219d81ac00c, R10=0x0000000000000000, R11=0x00000007137a23f0
R12=0x0000000000000000, R13=0x00000219df0066b8, R14=0x00000040233ff020, R15=0x00000219b7d01df0
RIP=0x00007ffe6cd2df0d, EFLAGS=0x0000000000010202

Top of Stack: (sp=0x00000040233fef68)
0x00000040233fef68:   00000219bb28dce2 0000000000000001
0x00000040233fef78:   00000219bb28d9f2 00000219df0066b8
0x00000040233fef88:   00000219d7adc830 00000040233ff008
0x00000040233fef98:   00000219bb2895d9 00000219bb28d996
0x00000040233fefa8:   00000040233fefa8 00000219df0066b8
0x00000040233fefb8:   00000040233ff020 00000219df01f4c0
0x00000040233fefc8:   0000000000000000 00000007137a23f0
0x00000040233fefd8:   00000219df0066b8 0000000000000000
0x00000040233fefe8:   00000040233ff010 00000040233ff070
0x00000040233feff8:   00000219bb28950a 00000007137a23f0
0x00000040233ff008:   00000219bb28b298 00000219d81ac00c
0x00000040233ff018:   0000000000000000 0000000000000001
0x00000040233ff028:   00000040233ff028 00000219df00682c
0x00000040233ff038:   00000040233ff0a0 00000219df01f4c0
0x00000040233ff048:   0000000000000000 00000007137a23f0
0x00000040233ff058:   00000219df006898 00000040233ff010 

Instructions: (pc=0x00007ffe6cd2df0d)
0x00007ffe6cd2de0d:   cc cc cc 48 8b 01 0f 28 cb 41 8b c8 48 8b 50 18
0x00007ffe6cd2de1d:   48 ff a2 58 0c 00 00 cc cc cc cc cc cc cc cc cc
0x00007ffe6cd2de2d:   cc cc cc 48 8b 01 41 8b d1 41 8b c8 4c 8b 50 18
0x00007ffe6cd2de3d:   49 ff a2 60 0c 00 00 cc cc cc cc cc cc cc cc cc
0x00007ffe6cd2de4d:   cc cc cc 48 8b 01 49 8b d1 41 8b c8 4c 8b 50 18
0x00007ffe6cd2de5d:   49 ff a2 68 0c 00 00 cc cc cc cc cc cc cc cc cc
0x00007ffe6cd2de6d:   cc cc cc 48 8b 01 49 8b d1 41 8b c8 4c 8b 50 18
0x00007ffe6cd2de7d:   49 ff a2 70 0c 00 00 cc cc cc cc cc cc cc cc cc
0x00007ffe6cd2de8d:   cc cc cc 40 53 48 8b 01 41 8b d8 44 8b 44 24 30
0x00007ffe6cd2de9d:   41 8b d1 44 8b 4c 24 38 8b cb 4c 8b 50 18 5b 49
0x00007ffe6cd2dead:   ff a2 00 0d 00 00 cc cc cc cc cc cc cc cc cc cc
0x00007ffe6cd2debd:   cc cc cc 48 8b 01 41 8b d1 41 8b c8 4c 8b 50 18
0x00007ffe6cd2decd:   49 ff a2 88 0d 00 00 cc cc cc cc cc cc cc cc cc
0x00007ffe6cd2dedd:   cc cc cc 48 8b 01 49 8b d1 41 8b c8 4c 8b 50 18
0x00007ffe6cd2deed:   49 ff a2 90 0d 00 00 cc cc cc cc cc cc cc cc cc
0x00007ffe6cd2defd:   cc cc cc 48 8b 01 49 8b d1 41 8b c8 4c 8b 50 18
0x00007ffe6cd2df0d:   49 ff a2 98 0d 00 00 cc cc cc cc cc cc cc cc cc
0x00007ffe6cd2df1d:   cc cc cc 48 8b 01 48 8b 48 18 48 8b 81 a0 0d 00
0x00007ffe6cd2df2d:   00 41 8b c8 48 ff e0 cc cc cc cc cc cc cc cc cc
0x00007ffe6cd2df3d:   cc cc cc 40 53 48 8b 01 41 8b d8 4c 8b 44 24 30
0x00007ffe6cd2df4d:   49 8b d1 44 8b 4c 24 38 8b cb 4c 8b 50 18 5b 49
0x00007ffe6cd2df5d:   ff a2 a8 0d 00 00 cc cc cc cc cc cc cc cc cc cc
0x00007ffe6cd2df6d:   cc cc cc 40 53 48 8b 01 41 8b d8 4c 8b 44 24 30
0x00007ffe6cd2df7d:   49 8b d1 4c 8b 4c 24 38 8b cb 4c 8b 50 18 5b 49
0x00007ffe6cd2df8d:   ff a2 b0 0d 00 00 cc cc cc cc cc cc cc cc cc cc
0x00007ffe6cd2df9d:   cc cc cc 40 53 48 8b 01 41 8b d8 4c 8b 44 24 30
0x00007ffe6cd2dfad:   49 8b d1 4c 8b 4c 24 38 8b cb 4c 8b 50 18 5b 49
0x00007ffe6cd2dfbd:   ff a2 b8 0d 00 00 cc cc cc cc cc cc cc cc cc cc
0x00007ffe6cd2dfcd:   cc cc cc 48 8b 01 41 8b d1 48 8b 48 18 48 8b 81
0x00007ffe6cd2dfdd:   c0 0d 00 00 41 8b c8 48 ff e0 cc cc cc cc cc cc
0x00007ffe6cd2dfed:   cc cc cc 48 8b 01 48 8b 48 18 48 8b 81 c8 0d 00
0x00007ffe6cd2dffd:   00 41 8b c8 48 ff e0 cc cc cc cc cc cc cc cc cc 


Stack slot to memory mapping:
stack at sp + 0 slots: 0x00000219bb28dce2 is at code_begin+1026 in an Interpreter codelet
method entry point (kind = native)  [0x00000219bb28d8e0, 0x00000219bb28e2c0]  2528 bytes
stack at sp + 1 slots: 0x0000000000000001 is an unknown value
stack at sp + 2 slots: 0x00000219bb28d9f2 is at code_begin+274 in an Interpreter codelet
method entry point (kind = native)  [0x00000219bb28d8e0, 0x00000219bb28e2c0]  2528 bytes
stack at sp + 3 slots: {method} {0x00000219df0066c0} 'nglGenBuffers' '(IJ)V' in 'org/lwjgl/opengl/GL15C'
stack at sp + 4 slots: 0x00000219d7adc830 is pointing into metadata
stack at sp + 5 slots: 0x00000040233ff008 is pointing into the stack for thread: 0x00000219b7d01df0
stack at sp + 6 slots: 0x00000219bb2895d9 is at code_begin+1337 in an Interpreter codelet
return entry points  [0x00000219bb2890a0, 0x00000219bb289bc0]  2848 bytes
stack at sp + 7 slots: 0x00000219bb28d996 is at code_begin+182 in an Interpreter codelet
method entry point (kind = native)  [0x00000219bb28d8e0, 0x00000219bb28e2c0]  2528 bytes


---------------  P R O C E S S  ---------------

Threads class SMR info:
_java_thread_list=0x00000219d7e20e80, length=13, elements={
0x00000219b7d01df0, 0x00000219d7c3a140, 0x00000219d7c3af10, 0x00000219d7c71db0,
0x00000219d7c756e0, 0x00000219d7c76610, 0x00000219d7c7e610, 0x00000219d7c77d00,
0x00000219d7c79440, 0x00000219d7c799a0, 0x00000219d7dd8d20, 0x00000219d7c805f0,
0x00000219d7c7e0c0
}

Java Threads: ( => current thread )
=>0x00000219b7d01df0 JavaThread "main" [_thread_in_native, id=39452, stack(0x0000004023300000,0x0000004023400000)]
  0x00000219d7c3a140 JavaThread "Reference Handler" daemon [_thread_blocked, id=36888, stack(0x0000004023a00000,0x0000004023b00000)]
  0x00000219d7c3af10 JavaThread "Finalizer" daemon [_thread_blocked, id=34640, stack(0x0000004023b00000,0x0000004023c00000)]
  0x00000219d7c71db0 JavaThread "Signal Dispatcher" daemon [_thread_blocked, id=49996, stack(0x0000004023c00000,0x0000004023d00000)]
  0x00000219d7c756e0 JavaThread "Attach Listener" daemon [_thread_blocked, id=36744, stack(0x0000004023d00000,0x0000004023e00000)]
  0x00000219d7c76610 JavaThread "Service Thread" daemon [_thread_blocked, id=6780, stack(0x0000004023e00000,0x0000004023f00000)]
  0x00000219d7c7e610 JavaThread "Monitor Deflation Thread" daemon [_thread_blocked, id=31352, stack(0x0000004023f00000,0x0000004024000000)]
  0x00000219d7c77d00 JavaThread "C2 CompilerThread0" daemon [_thread_blocked, id=23996, stack(0x0000004024000000,0x0000004024100000)]
  0x00000219d7c79440 JavaThread "C1 CompilerThread0" daemon [_thread_blocked, id=7048, stack(0x0000004024100000,0x0000004024200000)]
  0x00000219d7c799a0 JavaThread "Sweeper thread" daemon [_thread_blocked, id=49016, stack(0x0000004024200000,0x0000004024300000)]
  0x00000219d7dd8d20 JavaThread "C1 CompilerThread1" daemon [_thread_blocked, id=38884, stack(0x0000004024300000,0x0000004024400000)]
  0x00000219d7c805f0 JavaThread "Notification Thread" daemon [_thread_blocked, id=45456, stack(0x0000004024400000,0x0000004024500000)]
  0x00000219d7c7e0c0 JavaThread "Common-Cleaner" daemon [_thread_blocked, id=30100, stack(0x0000004024600000,0x0000004024700000)]

Other Threads:
  0x00000219d7c259f0 VMThread "VM Thread" [stack: 0x0000004023900000,0x0000004023a00000] [id=49204]
  0x00000219d7d09c20 WatcherThread [stack: 0x0000004024500000,0x0000004024600000] [id=16532]
  0x00000219b7d50c60 GCTaskThread "GC Thread#0" [stack: 0x0000004023400000,0x0000004023500000] [id=38268]
  0x00000219b7d62fb0 ConcurrentGCThread "G1 Main Marker" [stack: 0x0000004023500000,0x0000004023600000] [id=37792]
  0x00000219b7d63930 ConcurrentGCThread "G1 Conc#0" [stack: 0x0000004023600000,0x0000004023700000] [id=46568]
  0x00000219d70044e0 ConcurrentGCThread "G1 Refine#0" [stack: 0x0000004023700000,0x0000004023800000] [id=36468]
  0x00000219b7dcd9e0 ConcurrentGCThread "G1 Service" [stack: 0x0000004023800000,0x0000004023900000] [id=39892]

Threads with active compile tasks:

VM state: not at safepoint (normal execution)

VM Mutex/Monitor currently owned by a thread: None

Heap address: 0x0000000704200000, size: 4030 MB, Compressed Oops mode: Zero based, Oop shift amount: 3

CDS disabled.
Compressed class space mapped at: 0x0000000800000000-0x0000000840000000, reserved size: 1073741824
Narrow klass base: 0x0000000800000000, Narrow klass shift: 0, Narrow klass range: 0x40000000

GC Precious Log:
 CPUs: 16 total, 16 available
 Memory: 16117M
 Large Page Support: Disabled
 NUMA Support: Disabled
 Compressed Oops: Enabled (Zero based)
 Heap Region Size: 2M
 Heap Min Capacity: 8M
 Heap Initial Capacity: 252M
 Heap Max Capacity: 4030M
 Pre-touch: Disabled
 Parallel Workers: 13
 Concurrent Workers: 3
 Concurrent Refinement Workers: 13
 Periodic GC: Disabled

Heap:
 garbage-first heap   total 258048K, used 6144K [0x0000000704200000, 0x0000000800000000)
  region size 2048K, 4 young (8192K), 0 survivors (0K)
 Metaspace       used 8913K, committed 9088K, reserved 1064960K
  class space    used 676K, committed 768K, reserved 1048576K

Heap Regions: E=young(eden), S=young(survivor), O=old, HS=humongous(starts), HC=humongous(continues), CS=collection set, F=free, OA=open archive, CA=closed archive, TAMS=top-at-mark-start (previous, next)
|   0|0x0000000704200000, 0x0000000704200000, 0x0000000704400000|  0%| F|  |TAMS 0x0000000704200000, 0x0000000704200000| Untracked 
|   1|0x0000000704400000, 0x0000000704400000, 0x0000000704600000|  0%| F|  |TAMS 0x0000000704400000, 0x0000000704400000| Untracked 
|   2|0x0000000704600000, 0x0000000704600000, 0x0000000704800000|  0%| F|  |TAMS 0x0000000704600000, 0x0000000704600000| Untracked 
|   3|0x0000000704800000, 0x0000000704800000, 0x0000000704a00000|  0%| F|  |TAMS 0x0000000704800000, 0x0000000704800000| Untracked 
|   4|0x0000000704a00000, 0x0000000704a00000, 0x0000000704c00000|  0%| F|  |TAMS 0x0000000704a00000, 0x0000000704a00000| Untracked 
|   5|0x0000000704c00000, 0x0000000704c00000, 0x0000000704e00000|  0%| F|  |TAMS 0x0000000704c00000, 0x0000000704c00000| Untracked 
|   6|0x0000000704e00000, 0x0000000704e00000, 0x0000000705000000|  0%| F|  |TAMS 0x0000000704e00000, 0x0000000704e00000| Untracked 
|   7|0x0000000705000000, 0x0000000705000000, 0x0000000705200000|  0%| F|  |TAMS 0x0000000705000000, 0x0000000705000000| Untracked 
|   8|0x0000000705200000, 0x0000000705200000, 0x0000000705400000|  0%| F|  |TAMS 0x0000000705200000, 0x0000000705200000| Untracked 
|   9|0x0000000705400000, 0x0000000705400000, 0x0000000705600000|  0%| F|  |TAMS 0x0000000705400000, 0x0000000705400000| Untracked 
|  10|0x0000000705600000, 0x0000000705600000, 0x0000000705800000|  0%| F|  |TAMS 0x0000000705600000, 0x0000000705600000| Untracked 
|  11|0x0000000705800000, 0x0000000705800000, 0x0000000705a00000|  0%| F|  |TAMS 0x0000000705800000, 0x0000000705800000| Untracked 
|  12|0x0000000705a00000, 0x0000000705a00000, 0x0000000705c00000|  0%| F|  |TAMS 0x0000000705a00000, 0x0000000705a00000| Untracked 
|  13|0x0000000705c00000, 0x0000000705c00000, 0x0000000705e00000|  0%| F|  |TAMS 0x0000000705c00000, 0x0000000705c00000| Untracked 
|  14|0x0000000705e00000, 0x0000000705e00000, 0x0000000706000000|  0%| F|  |TAMS 0x0000000705e00000, 0x0000000705e00000| Untracked 
|  15|0x0000000706000000, 0x0000000706000000, 0x0000000706200000|  0%| F|  |TAMS 0x0000000706000000, 0x0000000706000000| Untracked 
|  16|0x0000000706200000, 0x0000000706200000, 0x0000000706400000|  0%| F|  |TAMS 0x0000000706200000, 0x0000000706200000| Untracked 
|  17|0x0000000706400000, 0x0000000706400000, 0x0000000706600000|  0%| F|  |TAMS 0x0000000706400000, 0x0000000706400000| Untracked 
|  18|0x0000000706600000, 0x0000000706600000, 0x0000000706800000|  0%| F|  |TAMS 0x0000000706600000, 0x0000000706600000| Untracked 
|  19|0x0000000706800000, 0x0000000706800000, 0x0000000706a00000|  0%| F|  |TAMS 0x0000000706800000, 0x0000000706800000| Untracked 
|  20|0x0000000706a00000, 0x0000000706a00000, 0x0000000706c00000|  0%| F|  |TAMS 0x0000000706a00000, 0x0000000706a00000| Untracked 
|  21|0x0000000706c00000, 0x0000000706c00000, 0x0000000706e00000|  0%| F|  |TAMS 0x0000000706c00000, 0x0000000706c00000| Untracked 
|  22|0x0000000706e00000, 0x0000000706e00000, 0x0000000707000000|  0%| F|  |TAMS 0x0000000706e00000, 0x0000000706e00000| Untracked 
|  23|0x0000000707000000, 0x0000000707000000, 0x0000000707200000|  0%| F|  |TAMS 0x0000000707000000, 0x0000000707000000| Untracked 
|  24|0x0000000707200000, 0x0000000707200000, 0x0000000707400000|  0%| F|  |TAMS 0x0000000707200000, 0x0000000707200000| Untracked 
|  25|0x0000000707400000, 0x0000000707400000, 0x0000000707600000|  0%| F|  |TAMS 0x0000000707400000, 0x0000000707400000| Untracked 
|  26|0x0000000707600000, 0x0000000707600000, 0x0000000707800000|  0%| F|  |TAMS 0x0000000707600000, 0x0000000707600000| Untracked 
|  27|0x0000000707800000, 0x0000000707800000, 0x0000000707a00000|  0%| F|  |TAMS 0x0000000707800000, 0x0000000707800000| Untracked 
|  28|0x0000000707a00000, 0x0000000707a00000, 0x0000000707c00000|  0%| F|  |TAMS 0x0000000707a00000, 0x0000000707a00000| Untracked 
|  29|0x0000000707c00000, 0x0000000707c00000, 0x0000000707e00000|  0%| F|  |TAMS 0x0000000707c00000, 0x0000000707c00000| Untracked 
|  30|0x0000000707e00000, 0x0000000707e00000, 0x0000000708000000|  0%| F|  |TAMS 0x0000000707e00000, 0x0000000707e00000| Untracked 
|  31|0x0000000708000000, 0x0000000708000000, 0x0000000708200000|  0%| F|  |TAMS 0x0000000708000000, 0x0000000708000000| Untracked 
|  32|0x0000000708200000, 0x0000000708200000, 0x0000000708400000|  0%| F|  |TAMS 0x0000000708200000, 0x0000000708200000| Untracked 
|  33|0x0000000708400000, 0x0000000708400000, 0x0000000708600000|  0%| F|  |TAMS 0x0000000708400000, 0x0000000708400000| Untracked 
|  34|0x0000000708600000, 0x0000000708600000, 0x0000000708800000|  0%| F|  |TAMS 0x0000000708600000, 0x0000000708600000| Untracked 
|  35|0x0000000708800000, 0x0000000708800000, 0x0000000708a00000|  0%| F|  |TAMS 0x0000000708800000, 0x0000000708800000| Untracked 
|  36|0x0000000708a00000, 0x0000000708a00000, 0x0000000708c00000|  0%| F|  |TAMS 0x0000000708a00000, 0x0000000708a00000| Untracked 
|  37|0x0000000708c00000, 0x0000000708c00000, 0x0000000708e00000|  0%| F|  |TAMS 0x0000000708c00000, 0x0000000708c00000| Untracked 
|  38|0x0000000708e00000, 0x0000000708e00000, 0x0000000709000000|  0%| F|  |TAMS 0x0000000708e00000, 0x0000000708e00000| Untracked 
|  39|0x0000000709000000, 0x0000000709000000, 0x0000000709200000|  0%| F|  |TAMS 0x0000000709000000, 0x0000000709000000| Untracked 
|  40|0x0000000709200000, 0x0000000709200000, 0x0000000709400000|  0%| F|  |TAMS 0x0000000709200000, 0x0000000709200000| Untracked 
|  41|0x0000000709400000, 0x0000000709400000, 0x0000000709600000|  0%| F|  |TAMS 0x0000000709400000, 0x0000000709400000| Untracked 
|  42|0x0000000709600000, 0x0000000709600000, 0x0000000709800000|  0%| F|  |TAMS 0x0000000709600000, 0x0000000709600000| Untracked 
|  43|0x0000000709800000, 0x0000000709800000, 0x0000000709a00000|  0%| F|  |TAMS 0x0000000709800000, 0x0000000709800000| Untracked 
|  44|0x0000000709a00000, 0x0000000709a00000, 0x0000000709c00000|  0%| F|  |TAMS 0x0000000709a00000, 0x0000000709a00000| Untracked 
|  45|0x0000000709c00000, 0x0000000709c00000, 0x0000000709e00000|  0%| F|  |TAMS 0x0000000709c00000, 0x0000000709c00000| Untracked 
|  46|0x0000000709e00000, 0x0000000709e00000, 0x000000070a000000|  0%| F|  |TAMS 0x0000000709e00000, 0x0000000709e00000| Untracked 
|  47|0x000000070a000000, 0x000000070a000000, 0x000000070a200000|  0%| F|  |TAMS 0x000000070a000000, 0x000000070a000000| Untracked 
|  48|0x000000070a200000, 0x000000070a200000, 0x000000070a400000|  0%| F|  |TAMS 0x000000070a200000, 0x000000070a200000| Untracked 
|  49|0x000000070a400000, 0x000000070a400000, 0x000000070a600000|  0%| F|  |TAMS 0x000000070a400000, 0x000000070a400000| Untracked 
|  50|0x000000070a600000, 0x000000070a600000, 0x000000070a800000|  0%| F|  |TAMS 0x000000070a600000, 0x000000070a600000| Untracked 
|  51|0x000000070a800000, 0x000000070a800000, 0x000000070aa00000|  0%| F|  |TAMS 0x000000070a800000, 0x000000070a800000| Untracked 
|  52|0x000000070aa00000, 0x000000070aa00000, 0x000000070ac00000|  0%| F|  |TAMS 0x000000070aa00000, 0x000000070aa00000| Untracked 
|  53|0x000000070ac00000, 0x000000070ac00000, 0x000000070ae00000|  0%| F|  |TAMS 0x000000070ac00000, 0x000000070ac00000| Untracked 
|  54|0x000000070ae00000, 0x000000070ae00000, 0x000000070b000000|  0%| F|  |TAMS 0x000000070ae00000, 0x000000070ae00000| Untracked 
|  55|0x000000070b000000, 0x000000070b000000, 0x000000070b200000|  0%| F|  |TAMS 0x000000070b000000, 0x000000070b000000| Untracked 
|  56|0x000000070b200000, 0x000000070b200000, 0x000000070b400000|  0%| F|  |TAMS 0x000000070b200000, 0x000000070b200000| Untracked 
|  57|0x000000070b400000, 0x000000070b400000, 0x000000070b600000|  0%| F|  |TAMS 0x000000070b400000, 0x000000070b400000| Untracked 
|  58|0x000000070b600000, 0x000000070b600000, 0x000000070b800000|  0%| F|  |TAMS 0x000000070b600000, 0x000000070b600000| Untracked 
|  59|0x000000070b800000, 0x000000070b800000, 0x000000070ba00000|  0%| F|  |TAMS 0x000000070b800000, 0x000000070b800000| Untracked 
|  60|0x000000070ba00000, 0x000000070ba00000, 0x000000070bc00000|  0%| F|  |TAMS 0x000000070ba00000, 0x000000070ba00000| Untracked 
|  61|0x000000070bc00000, 0x000000070bc00000, 0x000000070be00000|  0%| F|  |TAMS 0x000000070bc00000, 0x000000070bc00000| Untracked 
|  62|0x000000070be00000, 0x000000070be00000, 0x000000070c000000|  0%| F|  |TAMS 0x000000070be00000, 0x000000070be00000| Untracked 
|  63|0x000000070c000000, 0x000000070c000000, 0x000000070c200000|  0%| F|  |TAMS 0x000000070c000000, 0x000000070c000000| Untracked 
|  64|0x000000070c200000, 0x000000070c200000, 0x000000070c400000|  0%| F|  |TAMS 0x000000070c200000, 0x000000070c200000| Untracked 
|  65|0x000000070c400000, 0x000000070c400000, 0x000000070c600000|  0%| F|  |TAMS 0x000000070c400000, 0x000000070c400000| Untracked 
|  66|0x000000070c600000, 0x000000070c600000, 0x000000070c800000|  0%| F|  |TAMS 0x000000070c600000, 0x000000070c600000| Untracked 
|  67|0x000000070c800000, 0x000000070c800000, 0x000000070ca00000|  0%| F|  |TAMS 0x000000070c800000, 0x000000070c800000| Untracked 
|  68|0x000000070ca00000, 0x000000070ca00000, 0x000000070cc00000|  0%| F|  |TAMS 0x000000070ca00000, 0x000000070ca00000| Untracked 
|  69|0x000000070cc00000, 0x000000070cc00000, 0x000000070ce00000|  0%| F|  |TAMS 0x000000070cc00000, 0x000000070cc00000| Untracked 
|  70|0x000000070ce00000, 0x000000070ce00000, 0x000000070d000000|  0%| F|  |TAMS 0x000000070ce00000, 0x000000070ce00000| Untracked 
|  71|0x000000070d000000, 0x000000070d000000, 0x000000070d200000|  0%| F|  |TAMS 0x000000070d000000, 0x000000070d000000| Untracked 
|  72|0x000000070d200000, 0x000000070d200000, 0x000000070d400000|  0%| F|  |TAMS 0x000000070d200000, 0x000000070d200000| Untracked 
|  73|0x000000070d400000, 0x000000070d400000, 0x000000070d600000|  0%| F|  |TAMS 0x000000070d400000, 0x000000070d400000| Untracked 
|  74|0x000000070d600000, 0x000000070d600000, 0x000000070d800000|  0%| F|  |TAMS 0x000000070d600000, 0x000000070d600000| Untracked 
|  75|0x000000070d800000, 0x000000070d800000, 0x000000070da00000|  0%| F|  |TAMS 0x000000070d800000, 0x000000070d800000| Untracked 
|  76|0x000000070da00000, 0x000000070da00000, 0x000000070dc00000|  0%| F|  |TAMS 0x000000070da00000, 0x000000070da00000| Untracked 
|  77|0x000000070dc00000, 0x000000070dc00000, 0x000000070de00000|  0%| F|  |TAMS 0x000000070dc00000, 0x000000070dc00000| Untracked 
|  78|0x000000070de00000, 0x000000070de00000, 0x000000070e000000|  0%| F|  |TAMS 0x000000070de00000, 0x000000070de00000| Untracked 
|  79|0x000000070e000000, 0x000000070e000000, 0x000000070e200000|  0%| F|  |TAMS 0x000000070e000000, 0x000000070e000000| Untracked 
|  80|0x000000070e200000, 0x000000070e200000, 0x000000070e400000|  0%| F|  |TAMS 0x000000070e200000, 0x000000070e200000| Untracked 
|  81|0x000000070e400000, 0x000000070e400000, 0x000000070e600000|  0%| F|  |TAMS 0x000000070e400000, 0x000000070e400000| Untracked 
|  82|0x000000070e600000, 0x000000070e600000, 0x000000070e800000|  0%| F|  |TAMS 0x000000070e600000, 0x000000070e600000| Untracked 
|  83|0x000000070e800000, 0x000000070e800000, 0x000000070ea00000|  0%| F|  |TAMS 0x000000070e800000, 0x000000070e800000| Untracked 
|  84|0x000000070ea00000, 0x000000070ea00000, 0x000000070ec00000|  0%| F|  |TAMS 0x000000070ea00000, 0x000000070ea00000| Untracked 
|  85|0x000000070ec00000, 0x000000070ec00000, 0x000000070ee00000|  0%| F|  |TAMS 0x000000070ec00000, 0x000000070ec00000| Untracked 
|  86|0x000000070ee00000, 0x000000070ee00000, 0x000000070f000000|  0%| F|  |TAMS 0x000000070ee00000, 0x000000070ee00000| Untracked 
|  87|0x000000070f000000, 0x000000070f000000, 0x000000070f200000|  0%| F|  |TAMS 0x000000070f000000, 0x000000070f000000| Untracked 
|  88|0x000000070f200000, 0x000000070f200000, 0x000000070f400000|  0%| F|  |TAMS 0x000000070f200000, 0x000000070f200000| Untracked 
|  89|0x000000070f400000, 0x000000070f400000, 0x000000070f600000|  0%| F|  |TAMS 0x000000070f400000, 0x000000070f400000| Untracked 
|  90|0x000000070f600000, 0x000000070f600000, 0x000000070f800000|  0%| F|  |TAMS 0x000000070f600000, 0x000000070f600000| Untracked 
|  91|0x000000070f800000, 0x000000070f800000, 0x000000070fa00000|  0%| F|  |TAMS 0x000000070f800000, 0x000000070f800000| Untracked 
|  92|0x000000070fa00000, 0x000000070fa00000, 0x000000070fc00000|  0%| F|  |TAMS 0x000000070fa00000, 0x000000070fa00000| Untracked 
|  93|0x000000070fc00000, 0x000000070fc00000, 0x000000070fe00000|  0%| F|  |TAMS 0x000000070fc00000, 0x000000070fc00000| Untracked 
|  94|0x000000070fe00000, 0x000000070fe00000, 0x0000000710000000|  0%| F|  |TAMS 0x000000070fe00000, 0x000000070fe00000| Untracked 
|  95|0x0000000710000000, 0x0000000710000000, 0x0000000710200000|  0%| F|  |TAMS 0x0000000710000000, 0x0000000710000000| Untracked 
|  96|0x0000000710200000, 0x0000000710200000, 0x0000000710400000|  0%| F|  |TAMS 0x0000000710200000, 0x0000000710200000| Untracked 
|  97|0x0000000710400000, 0x0000000710400000, 0x0000000710600000|  0%| F|  |TAMS 0x0000000710400000, 0x0000000710400000| Untracked 
|  98|0x0000000710600000, 0x0000000710600000, 0x0000000710800000|  0%| F|  |TAMS 0x0000000710600000, 0x0000000710600000| Untracked 
|  99|0x0000000710800000, 0x0000000710800000, 0x0000000710a00000|  0%| F|  |TAMS 0x0000000710800000, 0x0000000710800000| Untracked 
| 100|0x0000000710a00000, 0x0000000710a00000, 0x0000000710c00000|  0%| F|  |TAMS 0x0000000710a00000, 0x0000000710a00000| Untracked 
| 101|0x0000000710c00000, 0x0000000710c00000, 0x0000000710e00000|  0%| F|  |TAMS 0x0000000710c00000, 0x0000000710c00000| Untracked 
| 102|0x0000000710e00000, 0x0000000710e00000, 0x0000000711000000|  0%| F|  |TAMS 0x0000000710e00000, 0x0000000710e00000| Untracked 
| 103|0x0000000711000000, 0x0000000711000000, 0x0000000711200000|  0%| F|  |TAMS 0x0000000711000000, 0x0000000711000000| Untracked 
| 104|0x0000000711200000, 0x0000000711200000, 0x0000000711400000|  0%| F|  |TAMS 0x0000000711200000, 0x0000000711200000| Untracked 
| 105|0x0000000711400000, 0x0000000711400000, 0x0000000711600000|  0%| F|  |TAMS 0x0000000711400000, 0x0000000711400000| Untracked 
| 106|0x0000000711600000, 0x0000000711600000, 0x0000000711800000|  0%| F|  |TAMS 0x0000000711600000, 0x0000000711600000| Untracked 
| 107|0x0000000711800000, 0x0000000711800000, 0x0000000711a00000|  0%| F|  |TAMS 0x0000000711800000, 0x0000000711800000| Untracked 
| 108|0x0000000711a00000, 0x0000000711a00000, 0x0000000711c00000|  0%| F|  |TAMS 0x0000000711a00000, 0x0000000711a00000| Untracked 
| 109|0x0000000711c00000, 0x0000000711c00000, 0x0000000711e00000|  0%| F|  |TAMS 0x0000000711c00000, 0x0000000711c00000| Untracked 
| 110|0x0000000711e00000, 0x0000000711e00000, 0x0000000712000000|  0%| F|  |TAMS 0x0000000711e00000, 0x0000000711e00000| Untracked 
| 111|0x0000000712000000, 0x0000000712000000, 0x0000000712200000|  0%| F|  |TAMS 0x0000000712000000, 0x0000000712000000| Untracked 
| 112|0x0000000712200000, 0x0000000712200000, 0x0000000712400000|  0%| F|  |TAMS 0x0000000712200000, 0x0000000712200000| Untracked 
| 113|0x0000000712400000, 0x0000000712400000, 0x0000000712600000|  0%| F|  |TAMS 0x0000000712400000, 0x0000000712400000| Untracked 
| 114|0x0000000712600000, 0x0000000712600000, 0x0000000712800000|  0%| F|  |TAMS 0x0000000712600000, 0x0000000712600000| Untracked 
| 115|0x0000000712800000, 0x0000000712800000, 0x0000000712a00000|  0%| F|  |TAMS 0x0000000712800000, 0x0000000712800000| Untracked 
| 116|0x0000000712a00000, 0x0000000712a00000, 0x0000000712c00000|  0%| F|  |TAMS 0x0000000712a00000, 0x0000000712a00000| Untracked 
| 117|0x0000000712c00000, 0x0000000712c00000, 0x0000000712e00000|  0%| F|  |TAMS 0x0000000712c00000, 0x0000000712c00000| Untracked 
| 118|0x0000000712e00000, 0x0000000712e00000, 0x0000000713000000|  0%| F|  |TAMS 0x0000000712e00000, 0x0000000712e00000| Untracked 
| 119|0x0000000713000000, 0x0000000713000000, 0x0000000713200000|  0%| F|  |TAMS 0x0000000713000000, 0x0000000713000000| Untracked 
| 120|0x0000000713200000, 0x0000000713200000, 0x0000000713400000|  0%| F|  |TAMS 0x0000000713200000, 0x0000000713200000| Untracked 
| 121|0x0000000713400000, 0x0000000713400000, 0x0000000713600000|  0%| F|  |TAMS 0x0000000713400000, 0x0000000713400000| Untracked 
| 122|0x0000000713600000, 0x0000000713800000, 0x0000000713800000|100%| E|  |TAMS 0x0000000713600000, 0x0000000713600000| Complete 
| 123|0x0000000713800000, 0x0000000713a00000, 0x0000000713a00000|100%| E|CS|TAMS 0x0000000713800000, 0x0000000713800000| Complete 
| 124|0x0000000713a00000, 0x0000000713c00000, 0x0000000713c00000|100%| E|CS|TAMS 0x0000000713a00000, 0x0000000713a00000| Complete 
| 125|0x0000000713c00000, 0x0000000713e00000, 0x0000000713e00000|100%| E|CS|TAMS 0x0000000713c00000, 0x0000000713c00000| Complete 

Card table byte_map: [0x00000219cb300000,0x00000219cbae0000] _byte_map_base: 0x00000219c7adf000

Marking Bits (Prev, Next): (CMBitMap*) 0x00000219b7d51260, (CMBitMap*) 0x00000219b7d512a0
 Prev Bits: [0x00000219cc2c0000, 0x00000219d01b8000)
 Next Bits: [0x00000219d01c0000, 0x00000219d40b8000)

Polling page: 0x00000219b5d20000

Metaspace:

Usage:
  Non-class:      8.04 MB used.
      Class:    676.09 KB used.
       Both:      8.70 MB used.

Virtual space:
  Non-class space:       16.00 MB reserved,       8.12 MB ( 51%) committed,  2 nodes.
      Class space:        1.00 GB reserved,     768.00 KB ( <1%) committed,  1 nodes.
              Both:        1.02 GB reserved,       8.88 MB ( <1%) committed. 

Chunk freelists:
   Non-Class:  3.84 MB
       Class:  3.17 MB
        Both:  7.01 MB

MaxMetaspaceSize: 17179869184.00 GB
CompressedClassSpaceSize: 1.00 GB
 - commit_granule_bytes: 65536.
 - commit_granule_words: 8192.
 - virtual_space_node_default_size: 1048576.
 - enlarge_chunks_in_place: 1.
 - new_chunks_are_fully_committed: 0.
 - uncommit_free_chunks: 1.
 - use_allocation_guard: 0.
 - handle_deallocations: 1.


Internal statistics:

num_allocs_failed_limit: 0.
num_arena_births: 60.
num_arena_deaths: 0.
num_vsnodes_births: 3.
num_vsnodes_deaths: 0.
num_space_committed: 142.
num_space_uncommitted: 0.
num_chunks_returned_to_freelist: 0.
num_chunks_taken_from_freelist: 147.
num_chunk_merges: 0.
num_chunk_splits: 91.
num_chunks_enlarged: 66.
num_purges: 0.

CodeHeap 'non-profiled nmethods': size=119168Kb used=152Kb max_used=152Kb free=119015Kb
 bounds [0x00000219c2e20000, 0x00000219c3090000, 0x00000219ca280000]
CodeHeap 'profiled nmethods': size=119104Kb used=910Kb max_used=910Kb free=118193Kb
 bounds [0x00000219bb9d0000, 0x00000219bbc40000, 0x00000219c2e20000]
CodeHeap 'non-nmethods': size=7488Kb used=2139Kb max_used=2153Kb free=5348Kb
 bounds [0x00000219bb280000, 0x00000219bb4f0000, 0x00000219bb9d0000]
 total_blobs=1591 nmethods=595 adapters=908
 compilation: enabled
              stopped_count=0, restarted_count=0
 full_count=0

Compilation events (20 events):
Event: 0.465 Thread 0x00000219d7dd8d20 nmethod 585 0x00000219bbab0790 code [0x00000219bbab0920, 0x00000219bbab0a18]
Event: 0.465 Thread 0x00000219d7c79440 nmethod 584 0x00000219bbab0a90 code [0x00000219bbab0c80, 0x00000219bbab1018]
Event: 0.465 Thread 0x00000219d7c79440  587       3       sun.misc.Unsafe::putLong (11 bytes)
Event: 0.465 Thread 0x00000219d7dd8d20  588       3       org.lwjgl.system.MemoryUtil::memPutAddress (29 bytes)
Event: 0.465 Thread 0x00000219d7c79440 nmethod 587 0x00000219bbab1190 code [0x00000219bbab1320, 0x00000219bbab1438]
Event: 0.465 Thread 0x00000219d7c77d00  589       4       java.lang.Integer::toUnsignedLong (7 bytes)
Event: 0.465 Thread 0x00000219d7dd8d20 nmethod 588 0x00000219bbab1510 code [0x00000219bbab16c0, 0x00000219bbab18b8]
Event: 0.465 Thread 0x00000219d7c77d00 nmethod 589 0x00000219c2e45590 code [0x00000219c2e45700, 0x00000219c2e45758]
Event: 0.466 Thread 0x00000219d7c77d00  590       4       sun.misc.Unsafe::putLong (11 bytes)
Event: 0.466 Thread 0x00000219d7c77d00 nmethod 590 0x00000219c2e45890 code [0x00000219c2e45a20, 0x00000219c2e45ab8]
Event: 0.467 Thread 0x00000219d7c77d00  591       4       java.util.Arrays::copyOfRange (64 bytes)
Event: 0.468 Thread 0x00000219d7dd8d20  594       3       java.util.WeakHashMap::remove (131 bytes)
Event: 0.468 Thread 0x00000219d7c79440  592   !   3       java.util.zip.ZipFile$ZipFileInputStream::close (59 bytes)
Event: 0.468 Thread 0x00000219d7c79440 nmethod 592 0x00000219bbab1990 code [0x00000219bbab1b60, 0x00000219bbab1ee8]
Event: 0.469 Thread 0x00000219d7c79440  593       3       java.util.Collections$SetFromMap::remove (19 bytes)
Event: 0.469 Thread 0x00000219d7dd8d20 nmethod 594 0x00000219bbab2110 code [0x00000219bbab2360, 0x00000219bbab2ef8]
Event: 0.469 Thread 0x00000219d7c79440 nmethod 593 0x00000219bbab3310 code [0x00000219bbab34c0, 0x00000219bbab36e8]
Event: 0.470 Thread 0x00000219d7c77d00 nmethod 591 0x00000219c2e45b90 code [0x00000219c2e45d20, 0x00000219c2e45f98]
Event: 0.472 Thread 0x00000219d7c79440  595       3       jdk.internal.loader.BuiltinClassLoader::loadClassOrNull (7 bytes)
Event: 0.472 Thread 0x00000219d7c79440 nmethod 595 0x00000219bbab3790 code [0x00000219bbab3940, 0x00000219bbab3b08]

GC Heap History (0 events):
No events

Deoptimization events (6 events):
Event: 0.240 Thread 0x00000219b7d01df0 DEOPT PACKING pc=0x00000219bb9e7567 sp=0x00000040233fc7d0
Event: 0.240 Thread 0x00000219b7d01df0 DEOPT UNPACKING pc=0x00000219bb2cdece sp=0x00000040233fbbf0 mode 0
Event: 0.473 Thread 0x00000219b7d01df0 Uncommon trap: trap_request=0xffffff54 fr.pc=0x00000219c2e45a80 relative=0x0000000000000060
Event: 0.473 Thread 0x00000219b7d01df0 Uncommon trap: reason=speculate_null_assert action=make_not_entrant pc=0x00000219c2e45a80 method=sun.misc.Unsafe.putLong(Ljava/lang/Object;JJ)V @ 7 c2
Event: 0.473 Thread 0x00000219b7d01df0 DEOPT PACKING pc=0x00000219c2e45a80 sp=0x00000040233feeb0
Event: 0.473 Thread 0x00000219b7d01df0 DEOPT UNPACKING pc=0x00000219bb2cd72e sp=0x00000040233fee28 mode 2

Classes unloaded (0 events):
No events

Classes redefined (0 events):
No events

Internal exceptions (20 events):
Event: 0.151 Thread 0x00000219b7d01df0 Exception <a 'java/lang/NoSuchMethodError'{0x0000000713a89b88}: 'java.lang.Object java.lang.invoke.DirectMethodHandle$Holder.invokeStaticInit(java.lang.Object)'> (0x0000000713a89b88) 
thrown [t:\workspace\open\src\hotspot\share\interpreter\linkResolver.cpp, line 790]
Event: 0.167 Thread 0x00000219b7d01df0 Exception <a 'java/lang/NoSuchMethodError'{0x0000000713ad5e28}: 'void java.lang.invoke.DirectMethodHandle$Holder.invokeStatic(java.lang.Object, java.lang.Object)'> (0x0000000713ad5e28) 
thrown [t:\workspace\open\src\hotspot\share\interpreter\linkResolver.cpp, line 790]
Event: 0.168 Thread 0x00000219b7d01df0 Exception <a 'java/lang/NoSuchMethodError'{0x0000000713adb790}: 'void java.lang.invoke.DirectMethodHandle$Holder.invokeSpecial(java.lang.Object, java.lang.Object, java.lang.Object)'> (0x0000000713adb790) 
thrown [t:\workspace\open\src\hotspot\share\interpreter\linkResolver.cpp, line 790]
Event: 0.170 Thread 0x00000219b7d01df0 Exception <a 'java/lang/NoSuchMethodError'{0x0000000713af0388}: 'java.lang.Object java.lang.invoke.DirectMethodHandle$Holder.invokeStatic(java.lang.Object, java.lang.Object, int)'> (0x0000000713af0388) 
thrown [t:\workspace\open\src\hotspot\share\interpreter\linkResolver.cpp, line 790]
Event: 0.170 Thread 0x00000219b7d01df0 Exception <a 'java/lang/NoSuchMethodError'{0x0000000713afc798}: 'void java.lang.invoke.DelegatingMethodHandle$Holder.delegate(java.lang.Object, java.lang.Object, int, java.lang.Object)'> (0x0000000713afc798) 
thrown [t:\workspace\open\src\hotspot\share\interpreter\linkResolver.cpp, line 790]
Event: 0.171 Thread 0x00000219b7d01df0 Exception <a 'java/lang/NoSuchMethodError'{0x0000000713b00af0}: 'int java.lang.invoke.DirectMethodHandle$Holder.invokeSpecial(java.lang.Object, java.lang.Object, java.lang.Object)'> (0x0000000713b00af0) 
thrown [t:\workspace\open\src\hotspot\share\interpreter\linkResolver.cpp, line 790]
Event: 0.198 Thread 0x00000219b7d01df0 Exception <a 'sun/nio/fs/WindowsException'{0x0000000713b731b0}> (0x0000000713b731b0) 
thrown [t:\workspace\open\src\hotspot\share\prims\jni.cpp, line 579]
Event: 0.198 Thread 0x00000219b7d01df0 Exception <a 'sun/nio/fs/WindowsException'{0x0000000713b73740}> (0x0000000713b73740) 
thrown [t:\workspace\open\src\hotspot\share\prims\jni.cpp, line 579]
Event: 0.225 Thread 0x00000219b7d01df0 Exception <a 'java/lang/NoSuchMethodError'{0x00000007138d5c48}: 'int java.lang.invoke.DirectMethodHandle$Holder.invokeStaticInit(java.lang.Object, java.lang.Object, int, long)'> (0x00000007138d5c48) 
thrown [t:\workspace\open\src\hotspot\share\interpreter\linkResolver.cpp, line 790]
Event: 0.225 Thread 0x00000219b7d01df0 Exception <a 'java/lang/NoSuchMethodError'{0x00000007138db718}: 'java.lang.Object java.lang.invoke.DirectMethodHandle$Holder.newInvokeSpecial(java.lang.Object, java.lang.Object, int)'> (0x00000007138db718) 
thrown [t:\workspace\open\src\hotspot\share\interpreter\linkResolver.cpp, line 790]
Event: 0.227 Thread 0x00000219b7d01df0 Exception <a 'java/lang/NoSuchMethodError'{0x00000007138ea608}: 'int java.lang.invoke.DirectMethodHandle$Holder.invokeStaticInit(java.lang.Object, java.lang.Object, long, long)'> (0x00000007138ea608) 
thrown [t:\workspace\open\src\hotspot\share\interpreter\linkResolver.cpp, line 790]
Event: 0.227 Thread 0x00000219b7d01df0 Exception <a 'java/lang/NoSuchMethodError'{0x00000007138f09b0}: 'java.lang.Object java.lang.invoke.DirectMethodHandle$Holder.newInvokeSpecial(java.lang.Object, java.lang.Object, long)'> (0x00000007138f09b0) 
thrown [t:\workspace\open\src\hotspot\share\interpreter\linkResolver.cpp, line 790]
Event: 0.228 Thread 0x00000219b7d01df0 Exception <a 'java/lang/NoSuchMethodError'{0x00000007138f4b08}: 'java.lang.Object java.lang.invoke.Invokers$Holder.linkToTargetMethod(java.lang.Object, long, java.lang.Object)'> (0x00000007138f4b08) 
thrown [t:\workspace\open\src\hotspot\share\interpreter\linkResolver.cpp, line 790]
Event: 0.228 Thread 0x00000219b7d01df0 Exception <a 'java/lang/NoSuchMethodError'{0x00000007138fc5b0}: 'int java.lang.invoke.DirectMethodHandle$Holder.invokeStaticInit(java.lang.Object, java.lang.Object, java.lang.Object, long)'> (0x00000007138fc5b0) 
thrown [t:\workspace\open\src\hotspot\share\interpreter\linkResolver.cpp, line 790]
Event: 0.291 Thread 0x00000219b7d01df0 Exception <a 'sun/nio/fs/WindowsException'{0x00000007139a8530}> (0x00000007139a8530) 
thrown [t:\workspace\open\src\hotspot\share\prims\jni.cpp, line 579]
Event: 0.292 Thread 0x00000219b7d01df0 Exception <a 'sun/nio/fs/WindowsException'{0x00000007139a88e0}> (0x00000007139a88e0) 
thrown [t:\workspace\open\src\hotspot\share\prims\jni.cpp, line 579]
Event: 0.451 Thread 0x00000219b7d01df0 Exception <a 'sun/nio/fs/WindowsException'{0x00000007136c0bf0}> (0x00000007136c0bf0) 
thrown [t:\workspace\open\src\hotspot\share\prims\jni.cpp, line 579]
Event: 0.452 Thread 0x00000219b7d01df0 Exception <a 'sun/nio/fs/WindowsException'{0x00000007136c0fd8}> (0x00000007136c0fd8) 
thrown [t:\workspace\open\src\hotspot\share\prims\jni.cpp, line 579]
Event: 0.463 Thread 0x00000219b7d01df0 Exception <a 'sun/nio/fs/WindowsException'{0x00000007136d5978}> (0x00000007136d5978) 
thrown [t:\workspace\open\src\hotspot\share\prims\jni.cpp, line 579]
Event: 0.463 Thread 0x00000219b7d01df0 Exception <a 'sun/nio/fs/WindowsException'{0x00000007136d5c98}> (0x00000007136d5c98) 
thrown [t:\workspace\open\src\hotspot\share\prims\jni.cpp, line 579]

Events (20 events):
Event: 0.242 loading class java/util/Formatter$FormatString
Event: 0.242 loading class java/util/Formatter$FormatString done
Event: 0.242 loading class java/util/Formatter$FixedString done
Event: 0.242 loading class java/util/Formatter$FormatSpecifier
Event: 0.242 loading class java/util/Formatter$FormatSpecifier done
Event: 0.243 loading class java/util/Formatter$Flags
Event: 0.243 loading class java/util/Formatter$Flags done
Event: 0.243 loading class java/util/Formatter$Conversion
Event: 0.243 loading class java/util/Formatter$Conversion done
Event: 0.243 loading class java/util/Formattable
Event: 0.243 loading class java/util/Formattable done
Event: 0.245 loading class java/util/function/BiPredicate
Event: 0.245 loading class java/util/function/BiPredicate done
Event: 0.294 loading class java/lang/NoSuchFieldError
Event: 0.294 loading class java/lang/NoSuchFieldError done
Event: 0.304 loading class jdk/internal/misc/ScopedMemoryAccess$Scope
Event: 0.304 loading class jdk/internal/misc/ScopedMemoryAccess$Scope done
Event: 0.306 loading class jdk/internal/reflect/UnsafeQualifiedStaticIntegerFieldAccessorImpl
Event: 0.306 loading class jdk/internal/reflect/UnsafeQualifiedStaticIntegerFieldAccessorImpl done
Event: 0.457 Loaded shared library C:\Users\samuelr_espen\AppData\Local\Temp\lwjgl_samuelr_espen\3.3.2+13\x64\lwjgl_opengl.dll


Dynamic libraries:
0x00007ff7ae900000 - 0x00007ff7ae90e000 	Z:\Coding\java\Eclipse\plugins\org.eclipse.justj.openjdk.hotspot.jre.full.win32.x86_64_16.0.2.v20210721-1149\jre\bin\javaw.exe
0x00007ffe87670000 - 0x00007ffe87866000 	C:\WINDOWS\SYSTEM32\ntdll.dll
0x00007ffe872d0000 - 0x00007ffe8738d000 	C:\WINDOWS\System32\KERNEL32.DLL
0x00007ffe852d0000 - 0x00007ffe85599000 	C:\WINDOWS\System32\KERNELBASE.dll
0x00007ffe85120000 - 0x00007ffe85220000 	C:\WINDOWS\System32\ucrtbase.dll
0x00007ffe81c90000 - 0x00007ffe81ca8000 	Z:\Coding\java\Eclipse\plugins\org.eclipse.justj.openjdk.hotspot.jre.full.win32.x86_64_16.0.2.v20210721-1149\jre\bin\jli.dll
0x00007ffe86f50000 - 0x00007ffe870f0000 	C:\WINDOWS\System32\USER32.dll
0x00007ffe855d0000 - 0x00007ffe855f2000 	C:\WINDOWS\System32\win32u.dll
0x00007ffe85b60000 - 0x00007ffe85b8a000 	C:\WINDOWS\System32\GDI32.dll
0x00007ffe63940000 - 0x00007ffe63bdb000 	C:\WINDOWS\WinSxS\amd64_microsoft.windows.common-controls_6595b64144ccf1df_6.0.19041.746_none_ca02b4b61b8320a4\COMCTL32.dll
0x00007ffe84eb0000 - 0x00007ffe84fbb000 	C:\WINDOWS\System32\gdi32full.dll
0x00007ffe85c70000 - 0x00007ffe85d0e000 	C:\WINDOWS\System32\msvcrt.dll
0x00007ffe84e10000 - 0x00007ffe84ead000 	C:\WINDOWS\System32\msvcp_win.dll
0x00007ffe81c30000 - 0x00007ffe81c49000 	Z:\Coding\java\Eclipse\plugins\org.eclipse.justj.openjdk.hotspot.jre.full.win32.x86_64_16.0.2.v20210721-1149\jre\bin\VCRUNTIME140.dll
0x00007ffe85d10000 - 0x00007ffe85d40000 	C:\WINDOWS\System32\IMM32.DLL
0x00007ffe82550000 - 0x00007ffe8255c000 	Z:\Coding\java\Eclipse\plugins\org.eclipse.justj.openjdk.hotspot.jre.full.win32.x86_64_16.0.2.v20210721-1149\jre\bin\vcruntime140_1.dll
0x00007ffe5de60000 - 0x00007ffe5def1000 	Z:\Coding\java\Eclipse\plugins\org.eclipse.justj.openjdk.hotspot.jre.full.win32.x86_64_16.0.2.v20210721-1149\jre\bin\msvcp140.dll
0x00007ffdf1110000 - 0x00007ffdf1cbb000 	Z:\Coding\java\Eclipse\plugins\org.eclipse.justj.openjdk.hotspot.jre.full.win32.x86_64_16.0.2.v20210721-1149\jre\bin\server\jvm.dll
0x00007ffe87580000 - 0x00007ffe8762c000 	C:\WINDOWS\System32\ADVAPI32.dll
0x00007ffe86850000 - 0x00007ffe868ec000 	C:\WINDOWS\System32\sechost.dll
0x00007ffe868f0000 - 0x00007ffe86a1b000 	C:\WINDOWS\System32\RPCRT4.dll
0x00007ffe85b90000 - 0x00007ffe85b98000 	C:\WINDOWS\System32\PSAPI.DLL
0x00007ffe66910000 - 0x00007ffe66919000 	C:\WINDOWS\SYSTEM32\WSOCK32.dll
0x00007ffe85a40000 - 0x00007ffe85aab000 	C:\WINDOWS\System32\WS2_32.dll
0x00007ffe79f30000 - 0x00007ffe79f57000 	C:\WINDOWS\SYSTEM32\WINMM.dll
0x00007ffe7e900000 - 0x00007ffe7e90a000 	C:\WINDOWS\SYSTEM32\VERSION.dll
0x00007ffe82c30000 - 0x00007ffe82c42000 	C:\WINDOWS\SYSTEM32\kernel.appcore.dll
0x00007ffe81c20000 - 0x00007ffe81c2a000 	Z:\Coding\java\Eclipse\plugins\org.eclipse.justj.openjdk.hotspot.jre.full.win32.x86_64_16.0.2.v20210721-1149\jre\bin\jimage.dll
0x00007ffe7c890000 - 0x00007ffe7ca74000 	C:\WINDOWS\SYSTEM32\DBGHELP.DLL
0x00007ffe66a00000 - 0x00007ffe66a2c000 	C:\WINDOWS\SYSTEM32\dbgcore.DLL
0x00007ffe85650000 - 0x00007ffe856d0000 	C:\WINDOWS\System32\bcryptPrimitives.dll
0x00007ffe40d50000 - 0x00007ffe40d75000 	Z:\Coding\java\Eclipse\plugins\org.eclipse.justj.openjdk.hotspot.jre.full.win32.x86_64_16.0.2.v20210721-1149\jre\bin\java.dll
0x00007ffe814a0000 - 0x00007ffe814b8000 	Z:\Coding\java\Eclipse\plugins\org.eclipse.justj.openjdk.hotspot.jre.full.win32.x86_64_16.0.2.v20210721-1149\jre\bin\zip.dll
0x00007ffe85e70000 - 0x00007ffe865b3000 	C:\WINDOWS\System32\SHELL32.dll
0x00007ffe82e30000 - 0x00007ffe835bf000 	C:\WINDOWS\SYSTEM32\windows.storage.dll
0x00007ffe856e0000 - 0x00007ffe85a36000 	C:\WINDOWS\System32\combase.dll
0x00007ffe84810000 - 0x00007ffe8483c000 	C:\WINDOWS\SYSTEM32\Wldp.dll
0x00007ffe870f0000 - 0x00007ffe8719e000 	C:\WINDOWS\System32\SHCORE.dll
0x00007ffe86a20000 - 0x00007ffe86a75000 	C:\WINDOWS\System32\shlwapi.dll
0x00007ffe84ce0000 - 0x00007ffe84d06000 	C:\WINDOWS\SYSTEM32\profapi.dll
0x00007ffe419a0000 - 0x00007ffe419b9000 	Z:\Coding\java\Eclipse\plugins\org.eclipse.justj.openjdk.hotspot.jre.full.win32.x86_64_16.0.2.v20210721-1149\jre\bin\net.dll
0x00007ffe83e50000 - 0x00007ffe83f50000 	C:\WINDOWS\SYSTEM32\WINHTTP.dll
0x00007ffe84590000 - 0x00007ffe845fa000 	C:\WINDOWS\system32\mswsock.dll
0x00007ffe3ef50000 - 0x00007ffe3ef63000 	Z:\Coding\java\Eclipse\plugins\org.eclipse.justj.openjdk.hotspot.jre.full.win32.x86_64_16.0.2.v20210721-1149\jre\bin\nio.dll
0x00007ffe6dd30000 - 0x00007ffe6ddaa000 	C:\Users\samuelr_espen\AppData\Local\Temp\lwjgl_samuelr_espen\3.3.2+13\x64\lwjgl.dll
0x00007ffe57e10000 - 0x00007ffe57e92000 	C:\Users\SAMUEL~1\AppData\Local\Temp\lwjgl_samuelr_espen\3.3.2+13\x64\glfw.dll
0x00007ffe73cf0000 - 0x00007ffe73d35000 	C:\WINDOWS\SYSTEM32\dinput8.dll
0x00007ffe81be0000 - 0x00007ffe81bf1000 	C:\WINDOWS\SYSTEM32\xinput1_4.dll
0x00007ffe85600000 - 0x00007ffe8564e000 	C:\WINDOWS\System32\cfgmgr32.dll
0x00007ffe84b50000 - 0x00007ffe84b7c000 	C:\WINDOWS\SYSTEM32\DEVOBJ.dll
0x00007ffe82940000 - 0x00007ffe8296f000 	C:\WINDOWS\SYSTEM32\dwmapi.dll
0x00007ffe79330000 - 0x00007ffe79482000 	C:\WINDOWS\SYSTEM32\inputhost.dll
0x00007ffe85ba0000 - 0x00007ffe85c6d000 	C:\WINDOWS\System32\OLEAUT32.dll
0x00007ffe80a70000 - 0x00007ffe80bc4000 	C:\WINDOWS\SYSTEM32\wintypes.dll
0x00007ffe82130000 - 0x00007ffe82222000 	C:\WINDOWS\SYSTEM32\CoreMessaging.dll
0x00007ffe7f970000 - 0x00007ffe7fa67000 	C:\WINDOWS\SYSTEM32\PROPSYS.dll
0x00007ffe81dd0000 - 0x00007ffe8212e000 	C:\WINDOWS\SYSTEM32\CoreUIComponents.dll
0x00007ffe836d0000 - 0x00007ffe83703000 	C:\WINDOWS\SYSTEM32\ntmarta.dll
0x00007ffe82770000 - 0x00007ffe8280e000 	C:\WINDOWS\system32\uxtheme.dll
0x00007ffe85d50000 - 0x00007ffe85e66000 	C:\WINDOWS\System32\MSCTF.dll
0x00007ffe4d670000 - 0x00007ffe4d795000 	C:\WINDOWS\SYSTEM32\opengl32.dll
0x00007ffe75a20000 - 0x00007ffe75a4c000 	C:\WINDOWS\SYSTEM32\GLU32.dll
0x00007ffe85ab0000 - 0x00007ffe85b59000 	C:\WINDOWS\System32\clbcatq.dll
0x00007ffe03f00000 - 0x00007ffe070ba000 	C:\WINDOWS\System32\DriverStore\FileRepository\nv_dispwi.inf_amd64_5f81b7821a5b83dd\nvoglv64.dll
0x00007ffe86a80000 - 0x00007ffe86ee7000 	C:\WINDOWS\System32\SETUPAPI.dll
0x00007ffe855a0000 - 0x00007ffe855c7000 	C:\WINDOWS\System32\bcrypt.dll
0x00007ffe871a0000 - 0x00007ffe872ca000 	C:\WINDOWS\System32\ole32.dll
0x00007ffe823f0000 - 0x00007ffe82404000 	C:\WINDOWS\SYSTEM32\WTSAPI32.dll
0x00007ffe84780000 - 0x00007ffe8478c000 	C:\WINDOWS\SYSTEM32\CRYPTBASE.DLL
0x00007ffe84990000 - 0x00007ffe849a2000 	C:\WINDOWS\SYSTEM32\msasn1.dll
0x00007ffe7dd80000 - 0x00007ffe7ddb1000 	C:\WINDOWS\SYSTEM32\cryptnet.dll
0x00007ffe84fc0000 - 0x00007ffe85116000 	C:\WINDOWS\System32\CRYPT32.dll
0x00007ffe7dc30000 - 0x00007ffe7dd79000 	C:\WINDOWS\SYSTEM32\drvstore.dll
0x00007ffe84db0000 - 0x00007ffe84e10000 	C:\WINDOWS\System32\WINTRUST.dll
0x00007ffe81990000 - 0x00007ffe819cb000 	C:\WINDOWS\SYSTEM32\dxcore.dll
0x00007ffe2c040000 - 0x00007ffe2c30e000 	C:\WINDOWS\system32\nvspcap64.dll
0x00007ffe84350000 - 0x00007ffe8439b000 	C:\WINDOWS\SYSTEM32\powrprof.dll
0x00007ffe84210000 - 0x00007ffe84222000 	C:\WINDOWS\SYSTEM32\UMPDC.dll
0x00007ffe83a60000 - 0x00007ffe83aba000 	C:\WINDOWS\SYSTEM32\WINSTA.dll
0x00007ffe6cd20000 - 0x00007ffe6cd7e000 	C:\Users\samuelr_espen\AppData\Local\Temp\lwjgl_samuelr_espen\3.3.2+13\x64\lwjgl_opengl.dll

dbghelp: loaded successfully - version: 4.0.5 - missing functions: none
symbol engine: initialized successfully - sym options: 0x614 - pdb path: .;Z:\Coding\java\Eclipse\plugins\org.eclipse.justj.openjdk.hotspot.jre.full.win32.x86_64_16.0.2.v20210721-1149\jre\bin;C:\WINDOWS\SYSTEM32;C:\WINDOWS\WinSxS\amd64_microsoft.windows.common-controls_6595b64144ccf1df_6.0.19041.746_none_ca02b4b61b8320a4;Z:\Coding\java\Eclipse\plugins\org.eclipse.justj.openjdk.hotspot.jre.full.win32.x86_64_16.0.2.v20210721-1149\jre\bin\server;C:\Users\samuelr_espen\AppData\Local\Temp\lwjgl_samuelr_espen\3.3.2+13\x64;C:\Users\SAMUEL~1\AppData\Local\Temp\lwjgl_samuelr_espen\3.3.2+13\x64;C:\WINDOWS\System32\DriverStore\FileRepository\nv_dispwi.inf_amd64_5f81b7821a5b83dd

VM Arguments:
jvm_args: -Dfile.encoding=Cp1252 -XX:+ShowCodeDetailsInExceptionMessages 
java_command: samresp14.src.Main
java_class_path (initial): Z:\Coding\java\LWJGLTestWorkspace\LWJGLTest\bin;Z:\Coding\java\lwjgl3\lwjgl.jar;Z:\Coding\java\lwjgl3\lwjgl-assimp.jar;Z:\Coding\java\lwjgl3\lwjgl-assimp-natives-windows.jar;Z:\Coding\java\lwjgl3\lwjgl-bgfx.jar;Z:\Coding\java\lwjgl3\lwjgl-bgfx-natives-windows.jar;Z:\Coding\java\lwjgl3\lwjgl-glfw.jar;Z:\Coding\java\lwjgl3\lwjgl-glfw-natives-windows.jar;Z:\Coding\java\lwjgl3\lwjgl-nanovg.jar;Z:\Coding\java\lwjgl3\lwjgl-nanovg-natives-windows.jar;Z:\Coding\java\lwjgl3\lwjgl-natives-windows.jar;Z:\Coding\java\lwjgl3\lwjgl-nuklear.jar;Z:\Coding\java\lwjgl3\lwjgl-nuklear-natives-windows.jar;Z:\Coding\java\lwjgl3\lwjgl-openal.jar;Z:\Coding\java\lwjgl3\lwjgl-openal-natives-windows.jar;Z:\Coding\java\lwjgl3\lwjgl-opengl.jar;Z:\Coding\java\lwjgl3\lwjgl-opengl-natives-windows.jar;Z:\Coding\java\lwjgl3\lwjgl-par.jar;Z:\Coding\java\lwjgl3\lwjgl-par-natives-windows.jar;Z:\Coding\java\lwjgl3\lwjgl-stb.jar;Z:\Coding\java\lwjgl3\lwjgl-stb-natives-windows.jar;Z:\Coding\java\lwjgl3\lwjgl-vulkan.jar
Launcher Type: SUN_STANDARD

[Global flags]
     intx CICompilerCount                          = 12                                        {product} {ergonomic}
     uint ConcGCThreads                            = 3                                         {product} {ergonomic}
     uint G1ConcRefinementThreads                  = 13                                        {product} {ergonomic}
   size_t G1HeapRegionSize                         = 2097152                                   {product} {ergonomic}
    uintx GCDrainStackTargetSize                   = 64                                        {product} {ergonomic}
   size_t InitialHeapSize                          = 264241152                                 {product} {ergonomic}
   size_t MarkStackSize                            = 4194304                                   {product} {ergonomic}
   size_t MaxHeapSize                              = 4225761280                                {product} {ergonomic}
   size_t MaxNewSize                               = 2535456768                                {product} {ergonomic}
   size_t MinHeapDeltaBytes                        = 2097152                                   {product} {ergonomic}
   size_t MinHeapSize                              = 8388608                                   {product} {ergonomic}
    uintx NonNMethodCodeHeapSize                   = 7602480                                {pd product} {ergonomic}
    uintx NonProfiledCodeHeapSize                  = 122027880                              {pd product} {ergonomic}
    uintx ProfiledCodeHeapSize                     = 122027880                              {pd product} {ergonomic}
    uintx ReservedCodeCacheSize                    = 251658240                              {pd product} {ergonomic}
     bool SegmentedCodeCache                       = true                                      {product} {ergonomic}
     bool ShowCodeDetailsInExceptionMessages       = true                                   {manageable} {command line}
   size_t SoftMaxHeapSize                          = 4225761280                             {manageable} {ergonomic}
     bool UseCompressedClassPointers               = true                           {product lp64_product} {ergonomic}
     bool UseCompressedOops                        = true                           {product lp64_product} {ergonomic}
     bool UseG1GC                                  = true                                      {product} {ergonomic}
     bool UseLargePagesIndividualAllocation        = false                                  {pd product} {ergonomic}

Logging:
Log output configuration:
 #0: stdout all=warning uptime,level,tags
 #1: stderr all=off uptime,level,tags

Environment Variables:
PATH=Z:/Coding/java/Eclipse//plugins/org.eclipse.justj.openjdk.hotspot.jre.full.win32.x86_64_16.0.2.v20210721-1149/jre/bin/server;Z:/Coding/java/Eclipse//plugins/org.eclipse.justj.openjdk.hotspot.jre.full.win32.x86_64_16.0.2.v20210721-1149/jre/bin;C:\Program Files (x86)\VMware\VMware Player\bin\;C:\Program Files (x86)\Common Files\Oracle\Java\javapath;C:\WINDOWS\system32;C:\WINDOWS;C:\WINDOWS\System32\Wbem;C:\WINDOWS\System32\WindowsPowerShell\v1.0\;C:\WINDOWS\System32\OpenSSH\;C:\Program Files\Microsoft SQL Server\120\Tools\Binn\;C:\Program Files (x86)\IVI Foundation\VISA\WinNT\Bin\;C:\Program Files\IVI Foundation\VISA\Win64\Bin\;C:\Program Files (x86)\IVI Foundation\VISA\WinNT\Bin;C:\Program Files\Microsoft VS Code\bin;C:\Program Files\Common Files\Autodesk Shared\;C:\Program Files\dotnet\;C:\Program Files\NVIDIA Corporation\NVIDIA NvDLISR;C:\Users\samuelr_espen\AppData\Local\Microsoft\WindowsApps;;Z:\Coding\java\Eclipse;
USERNAME=samuelr_espen
OS=Windows_NT
PROCESSOR_IDENTIFIER=Intel64 Family 6 Model 165 Stepping 5, GenuineIntel



---------------  S Y S T E M  ---------------

OS:
 Windows 10 , 64 bit Build 19041 (10.0.19041.662)
OS uptime: 136 days 2:05 hours

CPU: total 16 (initial active 16) (8 cores per cpu, 2 threads per core) family 6 model 165 stepping 5 microcode 0xec, cx8, cmov, fxsr, ht, mmx, 3dnowpref, sse, sse2, sse3, ssse3, sse4.1, sse4.2, popcnt, lzcnt, tsc, tscinvbit, avx, avx2, aes, erms, clmul, bmi1, bmi2, adx, fma, vzeroupper, clflush, clflushopt

Memory: 4k page, system-wide physical 16117M (6595M free)
TotalPageFile size 20415M (AvailPageFile size 6033M)
current process WorkingSet (physical memory assigned to process): 76M, peak: 76M
current process commit charge ("private bytes"): 379M, peak: 379M

vm_info: OpenJDK 64-Bit Server VM (16.0.2+7-67) for windows-amd64 JRE (16.0.2+7-67), built on Jun  8 2021 23:21:43 by "mach5one" with MS VC++ 16.7 (VS2019)

END.
